{"timestamp":"2026-05-05T10:36:16.865912Z","level":"info","event":"Filling up the DagBag from /opt/airflow/dags/4_XCOMs_kwargs.py","logger":"airflow.models.dagbag.DagBag","filename":"dagbag.py","lineno":593}
{"timestamp":"2026-05-05T10:36:16.891809Z","level":"error","event":"Failed to import: /opt/airflow/dags/4_XCOMs_kwargs.py","logger":"airflow.models.dagbag.DagBag","filename":"dagbag.py","lineno":415,"error_detail":[{"exc_type":"NameError","exc_value":"name 'xcoms_dag_auto' is not defined","exc_notes":[],"syntax_error":null,"is_cause":false,"frames":[{"filename":"/home/airflow/.local/lib/python3.12/site-packages/airflow/models/dagbag.py","lineno":405,"name":"parse"},{"filename":"<frozen importlib._bootstrap_external>","lineno":999,"name":"exec_module"},{"filename":"<frozen importlib._bootstrap>","lineno":488,"name":"_call_with_frames_removed"},{"filename":"/opt/airflow/dags/4_XCOMs_kwargs.py","lineno":40,"name":"<module>"}],"is_group":false,"exceptions":[]}]}
{"timestamp":"2026-05-05T10:36:27.546385Z","level":"info","event":"Filling up the DagBag from /opt/airflow/dags/4_XCOMs_kwargs.py","logger":"airflow.models.dagbag.DagBag","filename":"dagbag.py","lineno":593}
{"timestamp":"2026-05-05T10:36:27.583043Z","level":"error","event":"Failed to import: /opt/airflow/dags/4_XCOMs_kwargs.py","logger":"airflow.models.dagbag.DagBag","filename":"dagbag.py","lineno":415,"error_detail":[{"exc_type":"NameError","exc_value":"name 'xcoms_dag_auto' is not defined","exc_notes":[],"syntax_error":null,"is_cause":false,"frames":[{"filename":"/home/airflow/.local/lib/python3.12/site-packages/airflow/models/dagbag.py","lineno":405,"name":"parse"},{"filename":"<frozen importlib._bootstrap_external>","lineno":999,"name":"exec_module"},{"filename":"<frozen importlib._bootstrap>","lineno":488,"name":"_call_with_frames_removed"},{"filename":"/opt/airflow/dags/4_XCOMs_kwargs.py","lineno":41,"name":"<module>"}],"is_group":false,"exceptions":[]}]}
{"timestamp":"2026-05-05T10:36:30.745729Z","level":"info","event":"Filling up the DagBag from /opt/airflow/dags/4_XCOMs_kwargs.py","logger":"airflow.models.dagbag.DagBag","filename":"dagbag.py","lineno":593}
{"timestamp":"2026-05-05T10:36:30.773096Z","level":"error","event":"Failed to import: /opt/airflow/dags/4_XCOMs_kwargs.py","logger":"airflow.models.dagbag.DagBag","filename":"dagbag.py","lineno":415,"error_detail":[{"exc_type":"NameError","exc_value":"name 'xcoms_dag_auto' is not defined","exc_notes":[],"syntax_error":null,"is_cause":false,"frames":[{"filename":"/home/airflow/.local/lib/python3.12/site-packages/airflow/models/dagbag.py","lineno":405,"name":"parse"},{"filename":"<frozen importlib._bootstrap_external>","lineno":999,"name":"exec_module"},{"filename":"<frozen importlib._bootstrap>","lineno":488,"name":"_call_with_frames_removed"},{"filename":"/opt/airflow/dags/4_XCOMs_kwargs.py","lineno":41,"name":"<module>"}],"is_group":false,"exceptions":[]}]}
{"timestamp":"2026-05-05T10:36:31.892421Z","level":"info","event":"Filling up the DagBag from /opt/airflow/dags/4_XCOMs_kwargs.py","logger":"airflow.models.dagbag.DagBag","filename":"dagbag.py","lineno":593}
{"timestamp":"2026-05-05T10:36:31.916985Z","level":"error","event":"Failed to import: /opt/airflow/dags/4_XCOMs_kwargs.py","logger":"airflow.models.dagbag.DagBag","filename":"dagbag.py","lineno":415,"error_detail":[{"exc_type":"NameError","exc_value":"name 'xcoms_dag_auto' is not defined","exc_notes":[],"syntax_error":null,"is_cause":false,"frames":[{"filename":"/home/airflow/.local/lib/python3.12/site-packages/airflow/models/dagbag.py","lineno":405,"name":"parse"},{"filename":"<frozen importlib._bootstrap_external>","lineno":999,"name":"exec_module"},{"filename":"<frozen importlib._bootstrap>","lineno":488,"name":"_call_with_frames_removed"},{"filename":"/opt/airflow/dags/4_XCOMs_kwargs.py","lineno":41,"name":"<module>"}],"is_group":false,"exceptions":[]}]}
{"timestamp":"2026-05-05T10:36:37.216448Z","level":"info","event":"Filling up the DagBag from /opt/airflow/dags/4_XCOMs_kwargs.py","logger":"airflow.models.dagbag.DagBag","filename":"dagbag.py","lineno":593}
{"timestamp":"2026-05-05T10:36:37.237243Z","level":"error","event":"Failed to import: /opt/airflow/dags/4_XCOMs_kwargs.py","logger":"airflow.models.dagbag.DagBag","filename":"dagbag.py","lineno":415,"error_detail":[{"exc_type":"SyntaxError","exc_value":"invalid syntax (4_XCOMs_kwargs.py, line 14)","exc_notes":[],"syntax_error":{"offset":49,"filename":"/opt/airflow/dags/4_XCOMs_kwargs.py","line":"        fetched_data = {\"data\": [1, 2, 3, 4, 5]}c\n","lineno":14,"msg":"invalid syntax"},"is_cause":false,"frames":[{"filename":"/home/airflow/.local/lib/python3.12/site-packages/airflow/models/dagbag.py","lineno":405,"name":"parse"},{"filename":"<frozen importlib._bootstrap_external>","lineno":995,"name":"exec_module"},{"filename":"<frozen importlib._bootstrap_external>","lineno":1133,"name":"get_code"},{"filename":"<frozen importlib._bootstrap_external>","lineno":1063,"name":"source_to_code"},{"filename":"<frozen importlib._bootstrap>","lineno":488,"name":"_call_with_frames_removed"}],"is_group":false,"exceptions":[]}]}
{"timestamp":"2026-05-05T10:36:39.417244Z","level":"info","event":"Filling up the DagBag from /opt/airflow/dags/4_XCOMs_kwargs.py","logger":"airflow.models.dagbag.DagBag","filename":"dagbag.py","lineno":593}
{"timestamp":"2026-05-05T10:36:39.466946Z","level":"error","event":"Failed to import: /opt/airflow/dags/4_XCOMs_kwargs.py","logger":"airflow.models.dagbag.DagBag","filename":"dagbag.py","lineno":415,"error_detail":[{"exc_type":"NameError","exc_value":"name 'xcoms_dag_auto' is not defined","exc_notes":[],"syntax_error":null,"is_cause":false,"frames":[{"filename":"/home/airflow/.local/lib/python3.12/site-packages/airflow/models/dagbag.py","lineno":405,"name":"parse"},{"filename":"<frozen importlib._bootstrap_external>","lineno":999,"name":"exec_module"},{"filename":"<frozen importlib._bootstrap>","lineno":488,"name":"_call_with_frames_removed"},{"filename":"/opt/airflow/dags/4_XCOMs_kwargs.py","lineno":41,"name":"<module>"}],"is_group":false,"exceptions":[]}]}
{"timestamp":"2026-05-05T10:36:42.610362Z","level":"info","event":"Filling up the DagBag from /opt/airflow/dags/4_XCOMs_kwargs.py","logger":"airflow.models.dagbag.DagBag","filename":"dagbag.py","lineno":593}
{"timestamp":"2026-05-05T10:36:42.617645Z","level":"error","event":"Failed to import: /opt/airflow/dags/4_XCOMs_kwargs.py","logger":"airflow.models.dagbag.DagBag","filename":"dagbag.py","lineno":415,"error_detail":[{"exc_type":"SyntaxError","exc_value":"invalid syntax (4_XCOMs_kwargs.py, line 15)","exc_notes":[],"syntax_error":{"offset":12,"filename":"/opt/airflow/dags/4_XCOMs_kwargs.py","line":"        ti.\n","lineno":15,"msg":"invalid syntax"},"is_cause":false,"frames":[{"filename":"/home/airflow/.local/lib/python3.12/site-packages/airflow/models/dagbag.py","lineno":405,"name":"parse"},{"filename":"<frozen importlib._bootstrap_external>","lineno":995,"name":"exec_module"},{"filename":"<frozen importlib._bootstrap_external>","lineno":1133,"name":"get_code"},{"filename":"<frozen importlib._bootstrap_external>","lineno":1063,"name":"source_to_code"},{"filename":"<frozen importlib._bootstrap>","lineno":488,"name":"_call_with_frames_removed"}],"is_group":false,"exceptions":[]}]}
{"timestamp":"2026-05-05T10:36:44.770836Z","level":"info","event":"Filling up the DagBag from /opt/airflow/dags/4_XCOMs_kwargs.py","logger":"airflow.models.dagbag.DagBag","filename":"dagbag.py","lineno":593}
{"timestamp":"2026-05-05T10:36:44.794045Z","level":"error","event":"Failed to import: /opt/airflow/dags/4_XCOMs_kwargs.py","logger":"airflow.models.dagbag.DagBag","filename":"dagbag.py","lineno":415,"error_detail":[{"exc_type":"NameError","exc_value":"name 'xcoms_dag_auto' is not defined","exc_notes":[],"syntax_error":null,"is_cause":false,"frames":[{"filename":"/home/airflow/.local/lib/python3.12/site-packages/airflow/models/dagbag.py","lineno":405,"name":"parse"},{"filename":"<frozen importlib._bootstrap_external>","lineno":999,"name":"exec_module"},{"filename":"<frozen importlib._bootstrap>","lineno":488,"name":"_call_with_frames_removed"},{"filename":"/opt/airflow/dags/4_XCOMs_kwargs.py","lineno":41,"name":"<module>"}],"is_group":false,"exceptions":[]}]}
{"timestamp":"2026-05-05T10:36:57.545559Z","level":"info","event":"Filling up the DagBag from /opt/airflow/dags/4_XCOMs_kwargs.py","logger":"airflow.models.dagbag.DagBag","filename":"dagbag.py","lineno":593}
{"timestamp":"2026-05-05T10:36:57.581296Z","level":"error","event":"Failed to import: /opt/airflow/dags/4_XCOMs_kwargs.py","logger":"airflow.models.dagbag.DagBag","filename":"dagbag.py","lineno":415,"error_detail":[{"exc_type":"NameError","exc_value":"name 'xcoms_dag_auto' is not defined","exc_notes":[],"syntax_error":null,"is_cause":false,"frames":[{"filename":"/home/airflow/.local/lib/python3.12/site-packages/airflow/models/dagbag.py","lineno":405,"name":"parse"},{"filename":"<frozen importlib._bootstrap_external>","lineno":999,"name":"exec_module"},{"filename":"<frozen importlib._bootstrap>","lineno":488,"name":"_call_with_frames_removed"},{"filename":"/opt/airflow/dags/4_XCOMs_kwargs.py","lineno":41,"name":"<module>"}],"is_group":false,"exceptions":[]}]}
{"timestamp":"2026-05-05T10:37:09.867561Z","level":"info","event":"Filling up the DagBag from /opt/airflow/dags/4_XCOMs_kwargs.py","logger":"airflow.models.dagbag.DagBag","filename":"dagbag.py","lineno":593}
{"timestamp":"2026-05-05T10:37:09.900016Z","level":"error","event":"Failed to import: /opt/airflow/dags/4_XCOMs_kwargs.py","logger":"airflow.models.dagbag.DagBag","filename":"dagbag.py","lineno":415,"error_detail":[{"exc_type":"NameError","exc_value":"name 'xcoms_dag_auto' is not defined","exc_notes":[],"syntax_error":null,"is_cause":false,"frames":[{"filename":"/home/airflow/.local/lib/python3.12/site-packages/airflow/models/dagbag.py","lineno":405,"name":"parse"},{"filename":"<frozen importlib._bootstrap_external>","lineno":999,"name":"exec_module"},{"filename":"<frozen importlib._bootstrap>","lineno":488,"name":"_call_with_frames_removed"},{"filename":"/opt/airflow/dags/4_XCOMs_kwargs.py","lineno":41,"name":"<module>"}],"is_group":false,"exceptions":[]}]}
{"timestamp":"2026-05-05T10:37:17.302477Z","level":"info","event":"Filling up the DagBag from /opt/airflow/dags/4_XCOMs_kwargs.py","logger":"airflow.models.dagbag.DagBag","filename":"dagbag.py","lineno":593}
{"timestamp":"2026-05-05T10:37:17.317433Z","level":"error","event":"Failed to import: /opt/airflow/dags/4_XCOMs_kwargs.py","logger":"airflow.models.dagbag.DagBag","filename":"dagbag.py","lineno":415,"error_detail":[{"exc_type":"SyntaxError","exc_value":"invalid syntax (4_XCOMs_kwargs.py, line 15)","exc_notes":[],"syntax_error":{"offset":9,"filename":"/opt/airflow/dags/4_XCOMs_kwargs.py","line":"        .xcom_push(key='fetched_data', value=fetched_data)\n","lineno":15,"msg":"invalid syntax"},"is_cause":false,"frames":[{"filename":"/home/airflow/.local/lib/python3.12/site-packages/airflow/models/dagbag.py","lineno":405,"name":"parse"},{"filename":"<frozen importlib._bootstrap_external>","lineno":995,"name":"exec_module"},{"filename":"<frozen importlib._bootstrap_external>","lineno":1133,"name":"get_code"},{"filename":"<frozen importlib._bootstrap_external>","lineno":1063,"name":"source_to_code"},{"filename":"<frozen importlib._bootstrap>","lineno":488,"name":"_call_with_frames_removed"}],"is_group":false,"exceptions":[]}]}
{"timestamp":"2026-05-05T10:37:18.385084Z","level":"info","event":"Filling up the DagBag from /opt/airflow/dags/4_XCOMs_kwargs.py","logger":"airflow.models.dagbag.DagBag","filename":"dagbag.py","lineno":593}
{"timestamp":"2026-05-05T10:37:18.407403Z","level":"error","event":"Failed to import: /opt/airflow/dags/4_XCOMs_kwargs.py","logger":"airflow.models.dagbag.DagBag","filename":"dagbag.py","lineno":415,"error_detail":[{"exc_type":"NameError","exc_value":"name 'xcoms_dag_auto' is not defined","exc_notes":[],"syntax_error":null,"is_cause":false,"frames":[{"filename":"/home/airflow/.local/lib/python3.12/site-packages/airflow/models/dagbag.py","lineno":405,"name":"parse"},{"filename":"<frozen importlib._bootstrap_external>","lineno":999,"name":"exec_module"},{"filename":"<frozen importlib._bootstrap>","lineno":488,"name":"_call_with_frames_removed"},{"filename":"/opt/airflow/dags/4_XCOMs_kwargs.py","lineno":41,"name":"<module>"}],"is_group":false,"exceptions":[]}]}
{"timestamp":"2026-05-05T10:37:29.908486Z","level":"info","event":"Filling up the DagBag from /opt/airflow/dags/4_XCOMs_kwargs.py","logger":"airflow.models.dagbag.DagBag","filename":"dagbag.py","lineno":593}
{"timestamp":"2026-05-05T10:37:29.936518Z","level":"error","event":"Failed to import: /opt/airflow/dags/4_XCOMs_kwargs.py","logger":"airflow.models.dagbag.DagBag","filename":"dagbag.py","lineno":415,"error_detail":[{"exc_type":"NameError","exc_value":"name 'xcoms_dag_auto' is not defined","exc_notes":[],"syntax_error":null,"is_cause":false,"frames":[{"filename":"/home/airflow/.local/lib/python3.12/site-packages/airflow/models/dagbag.py","lineno":405,"name":"parse"},{"filename":"<frozen importlib._bootstrap_external>","lineno":999,"name":"exec_module"},{"filename":"<frozen importlib._bootstrap>","lineno":488,"name":"_call_with_frames_removed"},{"filename":"/opt/airflow/dags/4_XCOMs_kwargs.py","lineno":42,"name":"<module>"}],"is_group":false,"exceptions":[]}]}
{"timestamp":"2026-05-05T10:37:32.067910Z","level":"info","event":"Filling up the DagBag from /opt/airflow/dags/4_XCOMs_kwargs.py","logger":"airflow.models.dagbag.DagBag","filename":"dagbag.py","lineno":593}
{"timestamp":"2026-05-05T10:37:32.091394Z","level":"error","event":"Failed to import: /opt/airflow/dags/4_XCOMs_kwargs.py","logger":"airflow.models.dagbag.DagBag","filename":"dagbag.py","lineno":415,"error_detail":[{"exc_type":"NameError","exc_value":"name 'xcoms_dag_auto' is not defined","exc_notes":[],"syntax_error":null,"is_cause":false,"frames":[{"filename":"/home/airflow/.local/lib/python3.12/site-packages/airflow/models/dagbag.py","lineno":405,"name":"parse"},{"filename":"<frozen importlib._bootstrap_external>","lineno":999,"name":"exec_module"},{"filename":"<frozen importlib._bootstrap>","lineno":488,"name":"_call_with_frames_removed"},{"filename":"/opt/airflow/dags/4_XCOMs_kwargs.py","lineno":42,"name":"<module>"}],"is_group":false,"exceptions":[]}]}
{"timestamp":"2026-05-05T10:38:02.905118Z","level":"info","event":"Filling up the DagBag from /opt/airflow/dags/4_XCOMs_kwargs.py","logger":"airflow.models.dagbag.DagBag","filename":"dagbag.py","lineno":593}
{"timestamp":"2026-05-05T10:38:02.924726Z","level":"error","event":"Failed to import: /opt/airflow/dags/4_XCOMs_kwargs.py","logger":"airflow.models.dagbag.DagBag","filename":"dagbag.py","lineno":415,"error_detail":[{"exc_type":"NameError","exc_value":"name 'xcoms_dag_auto' is not defined","exc_notes":[],"syntax_error":null,"is_cause":false,"frames":[{"filename":"/home/airflow/.local/lib/python3.12/site-packages/airflow/models/dagbag.py","lineno":405,"name":"parse"},{"filename":"<frozen importlib._bootstrap_external>","lineno":999,"name":"exec_module"},{"filename":"<frozen importlib._bootstrap>","lineno":488,"name":"_call_with_frames_removed"},{"filename":"/opt/airflow/dags/4_XCOMs_kwargs.py","lineno":42,"name":"<module>"}],"is_group":false,"exceptions":[]}]}
{"timestamp":"2026-05-05T10:38:33.587427Z","level":"info","event":"Filling up the DagBag from /opt/airflow/dags/4_XCOMs_kwargs.py","logger":"airflow.models.dagbag.DagBag","filename":"dagbag.py","lineno":593}
{"timestamp":"2026-05-05T10:38:33.599954Z","level":"error","event":"Failed to import: /opt/airflow/dags/4_XCOMs_kwargs.py","logger":"airflow.models.dagbag.DagBag","filename":"dagbag.py","lineno":415,"error_detail":[{"exc_type":"NameError","exc_value":"name 'xcoms_dag_auto' is not defined","exc_notes":[],"syntax_error":null,"is_cause":false,"frames":[{"filename":"/home/airflow/.local/lib/python3.12/site-packages/airflow/models/dagbag.py","lineno":405,"name":"parse"},{"filename":"<frozen importlib._bootstrap_external>","lineno":999,"name":"exec_module"},{"filename":"<frozen importlib._bootstrap>","lineno":488,"name":"_call_with_frames_removed"},{"filename":"/opt/airflow/dags/4_XCOMs_kwargs.py","lineno":42,"name":"<module>"}],"is_group":false,"exceptions":[]}]}
{"timestamp":"2026-05-05T10:39:04.318195Z","level":"info","event":"Filling up the DagBag from /opt/airflow/dags/4_XCOMs_kwargs.py","logger":"airflow.models.dagbag.DagBag","filename":"dagbag.py","lineno":593}
{"timestamp":"2026-05-05T10:39:04.341126Z","level":"error","event":"Failed to import: /opt/airflow/dags/4_XCOMs_kwargs.py","logger":"airflow.models.dagbag.DagBag","filename":"dagbag.py","lineno":415,"error_detail":[{"exc_type":"NameError","exc_value":"name 'xcoms_dag_auto' is not defined","exc_notes":[],"syntax_error":null,"is_cause":false,"frames":[{"filename":"/home/airflow/.local/lib/python3.12/site-packages/airflow/models/dagbag.py","lineno":405,"name":"parse"},{"filename":"<frozen importlib._bootstrap_external>","lineno":999,"name":"exec_module"},{"filename":"<frozen importlib._bootstrap>","lineno":488,"name":"_call_with_frames_removed"},{"filename":"/opt/airflow/dags/4_XCOMs_kwargs.py","lineno":42,"name":"<module>"}],"is_group":false,"exceptions":[]}]}
{"timestamp":"2026-05-05T10:39:20.659156Z","level":"info","event":"Filling up the DagBag from /opt/airflow/dags/4_XCOMs_kwargs.py","logger":"airflow.models.dagbag.DagBag","filename":"dagbag.py","lineno":593}
{"timestamp":"2026-05-05T10:39:51.416861Z","level":"info","event":"Filling up the DagBag from /opt/airflow/dags/4_XCOMs_kwargs.py","logger":"airflow.models.dagbag.DagBag","filename":"dagbag.py","lineno":593}
{"timestamp":"2026-05-05T10:40:22.167655Z","level":"info","event":"Filling up the DagBag from /opt/airflow/dags/4_XCOMs_kwargs.py","logger":"airflow.models.dagbag.DagBag","filename":"dagbag.py","lineno":593}
{"timestamp":"2026-05-05T10:40:52.401475Z","level":"info","event":"Filling up the DagBag from /opt/airflow/dags/4_XCOMs_kwargs.py","logger":"airflow.models.dagbag.DagBag","filename":"dagbag.py","lineno":593}
{"timestamp":"2026-05-05T10:41:23.278502Z","level":"info","event":"Filling up the DagBag from /opt/airflow/dags/4_XCOMs_kwargs.py","logger":"airflow.models.dagbag.DagBag","filename":"dagbag.py","lineno":593}
{"timestamp":"2026-05-05T10:41:54.403580Z","level":"info","event":"Filling up the DagBag from /opt/airflow/dags/4_XCOMs_kwargs.py","logger":"airflow.models.dagbag.DagBag","filename":"dagbag.py","lineno":593}
{"timestamp":"2026-05-05T10:42:25.339163Z","level":"info","event":"Filling up the DagBag from /opt/airflow/dags/4_XCOMs_kwargs.py","logger":"airflow.models.dagbag.DagBag","filename":"dagbag.py","lineno":593}
{"timestamp":"2026-05-05T10:42:56.270461Z","level":"info","event":"Filling up the DagBag from /opt/airflow/dags/4_XCOMs_kwargs.py","logger":"airflow.models.dagbag.DagBag","filename":"dagbag.py","lineno":593}
{"timestamp":"2026-05-05T10:43:27.056045Z","level":"info","event":"Filling up the DagBag from /opt/airflow/dags/4_XCOMs_kwargs.py","logger":"airflow.models.dagbag.DagBag","filename":"dagbag.py","lineno":593}
{"timestamp":"2026-05-05T10:43:57.884885Z","level":"info","event":"Filling up the DagBag from /opt/airflow/dags/4_XCOMs_kwargs.py","logger":"airflow.models.dagbag.DagBag","filename":"dagbag.py","lineno":593}
{"timestamp":"2026-05-05T10:44:28.751476Z","level":"info","event":"Filling up the DagBag from /opt/airflow/dags/4_XCOMs_kwargs.py","logger":"airflow.models.dagbag.DagBag","filename":"dagbag.py","lineno":593}
{"timestamp":"2026-05-05T10:44:59.654829Z","level":"info","event":"Filling up the DagBag from /opt/airflow/dags/4_XCOMs_kwargs.py","logger":"airflow.models.dagbag.DagBag","filename":"dagbag.py","lineno":593}
{"timestamp":"2026-05-05T10:45:30.492399Z","level":"info","event":"Filling up the DagBag from /opt/airflow/dags/4_XCOMs_kwargs.py","logger":"airflow.models.dagbag.DagBag","filename":"dagbag.py","lineno":593}
{"timestamp":"2026-05-05T10:46:01.385639Z","level":"info","event":"Filling up the DagBag from /opt/airflow/dags/4_XCOMs_kwargs.py","logger":"airflow.models.dagbag.DagBag","filename":"dagbag.py","lineno":593}
{"timestamp":"2026-05-05T10:46:32.236170Z","level":"info","event":"Filling up the DagBag from /opt/airflow/dags/4_XCOMs_kwargs.py","logger":"airflow.models.dagbag.DagBag","filename":"dagbag.py","lineno":593}
{"timestamp":"2026-05-05T10:47:03.278607Z","level":"info","event":"Filling up the DagBag from /opt/airflow/dags/4_XCOMs_kwargs.py","logger":"airflow.models.dagbag.DagBag","filename":"dagbag.py","lineno":593}
{"timestamp":"2026-05-05T10:47:33.915452Z","level":"info","event":"Filling up the DagBag from /opt/airflow/dags/4_XCOMs_kwargs.py","logger":"airflow.models.dagbag.DagBag","filename":"dagbag.py","lineno":593}
{"timestamp":"2026-05-05T10:48:04.634934Z","level":"info","event":"Filling up the DagBag from /opt/airflow/dags/4_XCOMs_kwargs.py","logger":"airflow.models.dagbag.DagBag","filename":"dagbag.py","lineno":593}
{"timestamp":"2026-05-05T10:48:35.348414Z","level":"info","event":"Filling up the DagBag from /opt/airflow/dags/4_XCOMs_kwargs.py","logger":"airflow.models.dagbag.DagBag","filename":"dagbag.py","lineno":593}
{"timestamp":"2026-05-05T10:49:06.008685Z","level":"info","event":"Filling up the DagBag from /opt/airflow/dags/4_XCOMs_kwargs.py","logger":"airflow.models.dagbag.DagBag","filename":"dagbag.py","lineno":593}
{"timestamp":"2026-05-05T10:49:36.757599Z","level":"info","event":"Filling up the DagBag from /opt/airflow/dags/4_XCOMs_kwargs.py","logger":"airflow.models.dagbag.DagBag","filename":"dagbag.py","lineno":593}
{"timestamp":"2026-05-05T10:50:07.401957Z","level":"info","event":"Filling up the DagBag from /opt/airflow/dags/4_XCOMs_kwargs.py","logger":"airflow.models.dagbag.DagBag","filename":"dagbag.py","lineno":593}
{"timestamp":"2026-05-05T10:50:38.076007Z","level":"info","event":"Filling up the DagBag from /opt/airflow/dags/4_XCOMs_kwargs.py","logger":"airflow.models.dagbag.DagBag","filename":"dagbag.py","lineno":593}
{"timestamp":"2026-05-05T10:51:08.807819Z","level":"info","event":"Filling up the DagBag from /opt/airflow/dags/4_XCOMs_kwargs.py","logger":"airflow.models.dagbag.DagBag","filename":"dagbag.py","lineno":593}
{"timestamp":"2026-05-05T10:51:39.755867Z","level":"info","event":"Filling up the DagBag from /opt/airflow/dags/4_XCOMs_kwargs.py","logger":"airflow.models.dagbag.DagBag","filename":"dagbag.py","lineno":593}
{"timestamp":"2026-05-05T10:52:10.683701Z","level":"info","event":"Filling up the DagBag from /opt/airflow/dags/4_XCOMs_kwargs.py","logger":"airflow.models.dagbag.DagBag","filename":"dagbag.py","lineno":593}
{"timestamp":"2026-05-05T10:52:41.492646Z","level":"info","event":"Filling up the DagBag from /opt/airflow/dags/4_XCOMs_kwargs.py","logger":"airflow.models.dagbag.DagBag","filename":"dagbag.py","lineno":593}
{"timestamp":"2026-05-05T10:53:12.345092Z","level":"info","event":"Filling up the DagBag from /opt/airflow/dags/4_XCOMs_kwargs.py","logger":"airflow.models.dagbag.DagBag","filename":"dagbag.py","lineno":593}
{"timestamp":"2026-05-05T10:53:42.574217Z","level":"info","event":"Filling up the DagBag from /opt/airflow/dags/4_XCOMs_kwargs.py","logger":"airflow.models.dagbag.DagBag","filename":"dagbag.py","lineno":593}
{"timestamp":"2026-05-05T10:54:12.746816Z","level":"info","event":"Filling up the DagBag from /opt/airflow/dags/4_XCOMs_kwargs.py","logger":"airflow.models.dagbag.DagBag","filename":"dagbag.py","lineno":593}
{"timestamp":"2026-05-05T10:54:43.771721Z","level":"info","event":"Filling up the DagBag from /opt/airflow/dags/4_XCOMs_kwargs.py","logger":"airflow.models.dagbag.DagBag","filename":"dagbag.py","lineno":593}
{"timestamp":"2026-05-05T10:55:13.993164Z","level":"info","event":"Filling up the DagBag from /opt/airflow/dags/4_XCOMs_kwargs.py","logger":"airflow.models.dagbag.DagBag","filename":"dagbag.py","lineno":593}
{"timestamp":"2026-05-05T10:55:45.016733Z","level":"info","event":"Filling up the DagBag from /opt/airflow/dags/4_XCOMs_kwargs.py","logger":"airflow.models.dagbag.DagBag","filename":"dagbag.py","lineno":593}
{"timestamp":"2026-05-05T10:56:16.070243Z","level":"info","event":"Filling up the DagBag from /opt/airflow/dags/4_XCOMs_kwargs.py","logger":"airflow.models.dagbag.DagBag","filename":"dagbag.py","lineno":593}
{"timestamp":"2026-05-05T10:56:46.901568Z","level":"info","event":"Filling up the DagBag from /opt/airflow/dags/4_XCOMs_kwargs.py","logger":"airflow.models.dagbag.DagBag","filename":"dagbag.py","lineno":593}
{"timestamp":"2026-05-05T10:57:17.859836Z","level":"info","event":"Filling up the DagBag from /opt/airflow/dags/4_XCOMs_kwargs.py","logger":"airflow.models.dagbag.DagBag","filename":"dagbag.py","lineno":593}
{"timestamp":"2026-05-05T10:57:48.103782Z","level":"info","event":"Filling up the DagBag from /opt/airflow/dags/4_XCOMs_kwargs.py","logger":"airflow.models.dagbag.DagBag","filename":"dagbag.py","lineno":593}
{"timestamp":"2026-05-05T10:58:19.183054Z","level":"info","event":"Filling up the DagBag from /opt/airflow/dags/4_XCOMs_kwargs.py","logger":"airflow.models.dagbag.DagBag","filename":"dagbag.py","lineno":593}
{"timestamp":"2026-05-05T10:58:50.110814Z","level":"info","event":"Filling up the DagBag from /opt/airflow/dags/4_XCOMs_kwargs.py","logger":"airflow.models.dagbag.DagBag","filename":"dagbag.py","lineno":593}
{"timestamp":"2026-05-05T10:59:21.225334Z","level":"info","event":"Filling up the DagBag from /opt/airflow/dags/4_XCOMs_kwargs.py","logger":"airflow.models.dagbag.DagBag","filename":"dagbag.py","lineno":593}
{"timestamp":"2026-05-05T10:59:52.119510Z","level":"info","event":"Filling up the DagBag from /opt/airflow/dags/4_XCOMs_kwargs.py","logger":"airflow.models.dagbag.DagBag","filename":"dagbag.py","lineno":593}
{"timestamp":"2026-05-05T11:00:23.167213Z","level":"info","event":"Filling up the DagBag from /opt/airflow/dags/4_XCOMs_kwargs.py","logger":"airflow.models.dagbag.DagBag","filename":"dagbag.py","lineno":593}
{"timestamp":"2026-05-05T11:00:54.141740Z","level":"info","event":"Filling up the DagBag from /opt/airflow/dags/4_XCOMs_kwargs.py","logger":"airflow.models.dagbag.DagBag","filename":"dagbag.py","lineno":593}
{"timestamp":"2026-05-05T11:01:24.793346Z","level":"info","event":"Filling up the DagBag from /opt/airflow/dags/4_XCOMs_kwargs.py","logger":"airflow.models.dagbag.DagBag","filename":"dagbag.py","lineno":593}
{"timestamp":"2026-05-05T11:01:55.846384Z","level":"info","event":"Filling up the DagBag from /opt/airflow/dags/4_XCOMs_kwargs.py","logger":"airflow.models.dagbag.DagBag","filename":"dagbag.py","lineno":593}
{"timestamp":"2026-05-05T11:02:25.918237Z","level":"info","event":"Filling up the DagBag from /opt/airflow/dags/4_XCOMs_kwargs.py","logger":"airflow.models.dagbag.DagBag","filename":"dagbag.py","lineno":593}
{"timestamp":"2026-05-05T11:02:56.829436Z","level":"info","event":"Filling up the DagBag from /opt/airflow/dags/4_XCOMs_kwargs.py","logger":"airflow.models.dagbag.DagBag","filename":"dagbag.py","lineno":593}
{"timestamp":"2026-05-05T11:03:27.799552Z","level":"info","event":"Filling up the DagBag from /opt/airflow/dags/4_XCOMs_kwargs.py","logger":"airflow.models.dagbag.DagBag","filename":"dagbag.py","lineno":593}
{"timestamp":"2026-05-05T11:03:58.519453Z","level":"info","event":"Filling up the DagBag from /opt/airflow/dags/4_XCOMs_kwargs.py","logger":"airflow.models.dagbag.DagBag","filename":"dagbag.py","lineno":593}
{"timestamp":"2026-05-05T11:04:29.241091Z","level":"info","event":"Filling up the DagBag from /opt/airflow/dags/4_XCOMs_kwargs.py","logger":"airflow.models.dagbag.DagBag","filename":"dagbag.py","lineno":593}
{"timestamp":"2026-05-05T11:05:00.305113Z","level":"info","event":"Filling up the DagBag from /opt/airflow/dags/4_XCOMs_kwargs.py","logger":"airflow.models.dagbag.DagBag","filename":"dagbag.py","lineno":593}
{"timestamp":"2026-05-05T11:05:31.306479Z","level":"info","event":"Filling up the DagBag from /opt/airflow/dags/4_XCOMs_kwargs.py","logger":"airflow.models.dagbag.DagBag","filename":"dagbag.py","lineno":593}
{"timestamp":"2026-05-05T11:06:02.221832Z","level":"info","event":"Filling up the DagBag from /opt/airflow/dags/4_XCOMs_kwargs.py","logger":"airflow.models.dagbag.DagBag","filename":"dagbag.py","lineno":593}
{"timestamp":"2026-05-05T11:06:33.290608Z","level":"info","event":"Filling up the DagBag from /opt/airflow/dags/4_XCOMs_kwargs.py","logger":"airflow.models.dagbag.DagBag","filename":"dagbag.py","lineno":593}
{"timestamp":"2026-05-05T11:07:04.324998Z","level":"info","event":"Filling up the DagBag from /opt/airflow/dags/4_XCOMs_kwargs.py","logger":"airflow.models.dagbag.DagBag","filename":"dagbag.py","lineno":593}
{"timestamp":"2026-05-05T11:07:35.255174Z","level":"info","event":"Filling up the DagBag from /opt/airflow/dags/4_XCOMs_kwargs.py","logger":"airflow.models.dagbag.DagBag","filename":"dagbag.py","lineno":593}
{"timestamp":"2026-05-05T11:08:06.120999Z","level":"info","event":"Filling up the DagBag from /opt/airflow/dags/4_XCOMs_kwargs.py","logger":"airflow.models.dagbag.DagBag","filename":"dagbag.py","lineno":593}
{"timestamp":"2026-05-05T11:08:37.052734Z","level":"info","event":"Filling up the DagBag from /opt/airflow/dags/4_XCOMs_kwargs.py","logger":"airflow.models.dagbag.DagBag","filename":"dagbag.py","lineno":593}
{"timestamp":"2026-05-05T11:09:08.173991Z","level":"info","event":"Filling up the DagBag from /opt/airflow/dags/4_XCOMs_kwargs.py","logger":"airflow.models.dagbag.DagBag","filename":"dagbag.py","lineno":593}
{"timestamp":"2026-05-05T11:09:39.100509Z","level":"info","event":"Filling up the DagBag from /opt/airflow/dags/4_XCOMs_kwargs.py","logger":"airflow.models.dagbag.DagBag","filename":"dagbag.py","lineno":593}
{"timestamp":"2026-05-05T11:10:09.976265Z","level":"info","event":"Filling up the DagBag from /opt/airflow/dags/4_XCOMs_kwargs.py","logger":"airflow.models.dagbag.DagBag","filename":"dagbag.py","lineno":593}
{"timestamp":"2026-05-05T11:10:40.829100Z","level":"info","event":"Filling up the DagBag from /opt/airflow/dags/4_XCOMs_kwargs.py","logger":"airflow.models.dagbag.DagBag","filename":"dagbag.py","lineno":593}
{"timestamp":"2026-05-05T11:11:11.767719Z","level":"info","event":"Filling up the DagBag from /opt/airflow/dags/4_XCOMs_kwargs.py","logger":"airflow.models.dagbag.DagBag","filename":"dagbag.py","lineno":593}
{"timestamp":"2026-05-05T11:11:42.626418Z","level":"info","event":"Filling up the DagBag from /opt/airflow/dags/4_XCOMs_kwargs.py","logger":"airflow.models.dagbag.DagBag","filename":"dagbag.py","lineno":593}
{"timestamp":"2026-05-05T11:12:13.471303Z","level":"info","event":"Filling up the DagBag from /opt/airflow/dags/4_XCOMs_kwargs.py","logger":"airflow.models.dagbag.DagBag","filename":"dagbag.py","lineno":593}
{"timestamp":"2026-05-05T11:12:44.374847Z","level":"info","event":"Filling up the DagBag from /opt/airflow/dags/4_XCOMs_kwargs.py","logger":"airflow.models.dagbag.DagBag","filename":"dagbag.py","lineno":593}
{"timestamp":"2026-05-05T11:13:15.221813Z","level":"info","event":"Filling up the DagBag from /opt/airflow/dags/4_XCOMs_kwargs.py","logger":"airflow.models.dagbag.DagBag","filename":"dagbag.py","lineno":593}
{"timestamp":"2026-05-05T11:13:46.136752Z","level":"info","event":"Filling up the DagBag from /opt/airflow/dags/4_XCOMs_kwargs.py","logger":"airflow.models.dagbag.DagBag","filename":"dagbag.py","lineno":593}
{"timestamp":"2026-05-05T11:14:17.049978Z","level":"info","event":"Filling up the DagBag from /opt/airflow/dags/4_XCOMs_kwargs.py","logger":"airflow.models.dagbag.DagBag","filename":"dagbag.py","lineno":593}
{"timestamp":"2026-05-05T11:23:31.254909Z","level":"info","event":"Filling up the DagBag from /opt/airflow/dags/4_XCOMs_kwargs.py","logger":"airflow.models.dagbag.DagBag","filename":"dagbag.py","lineno":593}
{"timestamp":"2026-05-05T11:24:02.159214Z","level":"info","event":"Filling up the DagBag from /opt/airflow/dags/4_XCOMs_kwargs.py","logger":"airflow.models.dagbag.DagBag","filename":"dagbag.py","lineno":593}
{"timestamp":"2026-05-05T11:24:32.899089Z","level":"info","event":"Filling up the DagBag from /opt/airflow/dags/4_XCOMs_kwargs.py","logger":"airflow.models.dagbag.DagBag","filename":"dagbag.py","lineno":593}
{"timestamp":"2026-05-05T11:25:03.704028Z","level":"info","event":"Filling up the DagBag from /opt/airflow/dags/4_XCOMs_kwargs.py","logger":"airflow.models.dagbag.DagBag","filename":"dagbag.py","lineno":593}
{"timestamp":"2026-05-05T11:25:34.410913Z","level":"info","event":"Filling up the DagBag from /opt/airflow/dags/4_XCOMs_kwargs.py","logger":"airflow.models.dagbag.DagBag","filename":"dagbag.py","lineno":593}
{"timestamp":"2026-05-05T11:26:05.262655Z","level":"info","event":"Filling up the DagBag from /opt/airflow/dags/4_XCOMs_kwargs.py","logger":"airflow.models.dagbag.DagBag","filename":"dagbag.py","lineno":593}
{"timestamp":"2026-05-05T11:28:04.516840Z","level":"info","event":"Filling up the DagBag from /opt/airflow/dags/4_XCOMs_kwargs.py","logger":"airflow.models.dagbag.DagBag","filename":"dagbag.py","lineno":593}
{"timestamp":"2026-05-05T11:28:35.320051Z","level":"info","event":"Filling up the DagBag from /opt/airflow/dags/4_XCOMs_kwargs.py","logger":"airflow.models.dagbag.DagBag","filename":"dagbag.py","lineno":593}
{"timestamp":"2026-05-05T11:29:06.105982Z","level":"info","event":"Filling up the DagBag from /opt/airflow/dags/4_XCOMs_kwargs.py","logger":"airflow.models.dagbag.DagBag","filename":"dagbag.py","lineno":593}
{"timestamp":"2026-05-05T11:29:36.818392Z","level":"info","event":"Filling up the DagBag from /opt/airflow/dags/4_XCOMs_kwargs.py","logger":"airflow.models.dagbag.DagBag","filename":"dagbag.py","lineno":593}
{"timestamp":"2026-05-05T11:30:07.861262Z","level":"info","event":"Filling up the DagBag from /opt/airflow/dags/4_XCOMs_kwargs.py","logger":"airflow.models.dagbag.DagBag","filename":"dagbag.py","lineno":593}
{"timestamp":"2026-05-05T11:30:39.166748Z","level":"info","event":"Filling up the DagBag from /opt/airflow/dags/4_XCOMs_kwargs.py","logger":"airflow.models.dagbag.DagBag","filename":"dagbag.py","lineno":593}
{"timestamp":"2026-05-05T11:31:09.509991Z","level":"info","event":"Filling up the DagBag from /opt/airflow/dags/4_XCOMs_kwargs.py","logger":"airflow.models.dagbag.DagBag","filename":"dagbag.py","lineno":593}
{"timestamp":"2026-05-05T11:31:40.332631Z","level":"info","event":"Filling up the DagBag from /opt/airflow/dags/4_XCOMs_kwargs.py","logger":"airflow.models.dagbag.DagBag","filename":"dagbag.py","lineno":593}
{"timestamp":"2026-05-05T11:32:11.110522Z","level":"info","event":"Filling up the DagBag from /opt/airflow/dags/4_XCOMs_kwargs.py","logger":"airflow.models.dagbag.DagBag","filename":"dagbag.py","lineno":593}
{"timestamp":"2026-05-05T11:32:41.938119Z","level":"info","event":"Filling up the DagBag from /opt/airflow/dags/4_XCOMs_kwargs.py","logger":"airflow.models.dagbag.DagBag","filename":"dagbag.py","lineno":593}
{"timestamp":"2026-05-05T11:33:12.757359Z","level":"info","event":"Filling up the DagBag from /opt/airflow/dags/4_XCOMs_kwargs.py","logger":"airflow.models.dagbag.DagBag","filename":"dagbag.py","lineno":593}
{"timestamp":"2026-05-05T11:33:43.347062Z","level":"info","event":"Filling up the DagBag from /opt/airflow/dags/4_XCOMs_kwargs.py","logger":"airflow.models.dagbag.DagBag","filename":"dagbag.py","lineno":593}
{"timestamp":"2026-05-05T11:34:22.138338Z","level":"info","event":"Filling up the DagBag from /opt/airflow/dags/4_XCOMs_kwargs.py","logger":"airflow.models.dagbag.DagBag","filename":"dagbag.py","lineno":593}
{"timestamp":"2026-05-05T11:34:52.563814Z","level":"info","event":"Filling up the DagBag from /opt/airflow/dags/4_XCOMs_kwargs.py","logger":"airflow.models.dagbag.DagBag","filename":"dagbag.py","lineno":593}
{"timestamp":"2026-05-05T11:35:24.090114Z","level":"info","event":"Filling up the DagBag from /opt/airflow/dags/4_XCOMs_kwargs.py","logger":"airflow.models.dagbag.DagBag","filename":"dagbag.py","lineno":593}
{"timestamp":"2026-05-05T11:35:56.639163Z","level":"info","event":"Filling up the DagBag from /opt/airflow/dags/4_XCOMs_kwargs.py","logger":"airflow.models.dagbag.DagBag","filename":"dagbag.py","lineno":593}
{"timestamp":"2026-05-05T11:36:26.737250Z","level":"info","event":"Filling up the DagBag from /opt/airflow/dags/4_XCOMs_kwargs.py","logger":"airflow.models.dagbag.DagBag","filename":"dagbag.py","lineno":593}
{"timestamp":"2026-05-05T11:36:57.811062Z","level":"info","event":"Filling up the DagBag from /opt/airflow/dags/4_XCOMs_kwargs.py","logger":"airflow.models.dagbag.DagBag","filename":"dagbag.py","lineno":593}
{"timestamp":"2026-05-05T11:37:28.832872Z","level":"info","event":"Filling up the DagBag from /opt/airflow/dags/4_XCOMs_kwargs.py","logger":"airflow.models.dagbag.DagBag","filename":"dagbag.py","lineno":593}
{"timestamp":"2026-05-05T11:37:59.941322Z","level":"info","event":"Filling up the DagBag from /opt/airflow/dags/4_XCOMs_kwargs.py","logger":"airflow.models.dagbag.DagBag","filename":"dagbag.py","lineno":593}
{"timestamp":"2026-05-05T11:38:31.088976Z","level":"info","event":"Filling up the DagBag from /opt/airflow/dags/4_XCOMs_kwargs.py","logger":"airflow.models.dagbag.DagBag","filename":"dagbag.py","lineno":593}
{"timestamp":"2026-05-05T11:39:01.968143Z","level":"info","event":"Filling up the DagBag from /opt/airflow/dags/4_XCOMs_kwargs.py","logger":"airflow.models.dagbag.DagBag","filename":"dagbag.py","lineno":593}
{"timestamp":"2026-05-05T11:39:33.050896Z","level":"info","event":"Filling up the DagBag from /opt/airflow/dags/4_XCOMs_kwargs.py","logger":"airflow.models.dagbag.DagBag","filename":"dagbag.py","lineno":593}
{"timestamp":"2026-05-05T11:40:03.261960Z","level":"info","event":"Filling up the DagBag from /opt/airflow/dags/4_XCOMs_kwargs.py","logger":"airflow.models.dagbag.DagBag","filename":"dagbag.py","lineno":593}
{"timestamp":"2026-05-05T11:40:34.238618Z","level":"info","event":"Filling up the DagBag from /opt/airflow/dags/4_XCOMs_kwargs.py","logger":"airflow.models.dagbag.DagBag","filename":"dagbag.py","lineno":593}
{"timestamp":"2026-05-05T11:41:05.314206Z","level":"info","event":"Filling up the DagBag from /opt/airflow/dags/4_XCOMs_kwargs.py","logger":"airflow.models.dagbag.DagBag","filename":"dagbag.py","lineno":593}
{"timestamp":"2026-05-05T11:41:36.587621Z","level":"info","event":"Filling up the DagBag from /opt/airflow/dags/4_XCOMs_kwargs.py","logger":"airflow.models.dagbag.DagBag","filename":"dagbag.py","lineno":593}
{"timestamp":"2026-05-05T11:42:06.716728Z","level":"info","event":"Filling up the DagBag from /opt/airflow/dags/4_XCOMs_kwargs.py","logger":"airflow.models.dagbag.DagBag","filename":"dagbag.py","lineno":593}
{"timestamp":"2026-05-05T11:42:37.791491Z","level":"info","event":"Filling up the DagBag from /opt/airflow/dags/4_XCOMs_kwargs.py","logger":"airflow.models.dagbag.DagBag","filename":"dagbag.py","lineno":593}
{"timestamp":"2026-05-05T11:43:08.808074Z","level":"info","event":"Filling up the DagBag from /opt/airflow/dags/4_XCOMs_kwargs.py","logger":"airflow.models.dagbag.DagBag","filename":"dagbag.py","lineno":593}
{"timestamp":"2026-05-05T11:43:39.828114Z","level":"info","event":"Filling up the DagBag from /opt/airflow/dags/4_XCOMs_kwargs.py","logger":"airflow.models.dagbag.DagBag","filename":"dagbag.py","lineno":593}
{"timestamp":"2026-05-05T11:44:09.949714Z","level":"info","event":"Filling up the DagBag from /opt/airflow/dags/4_XCOMs_kwargs.py","logger":"airflow.models.dagbag.DagBag","filename":"dagbag.py","lineno":593}
{"timestamp":"2026-05-05T11:44:41.001420Z","level":"info","event":"Filling up the DagBag from /opt/airflow/dags/4_XCOMs_kwargs.py","logger":"airflow.models.dagbag.DagBag","filename":"dagbag.py","lineno":593}
{"timestamp":"2026-05-05T11:45:12.091839Z","level":"info","event":"Filling up the DagBag from /opt/airflow/dags/4_XCOMs_kwargs.py","logger":"airflow.models.dagbag.DagBag","filename":"dagbag.py","lineno":593}
{"timestamp":"2026-05-05T11:45:43.186118Z","level":"info","event":"Filling up the DagBag from /opt/airflow/dags/4_XCOMs_kwargs.py","logger":"airflow.models.dagbag.DagBag","filename":"dagbag.py","lineno":593}
{"timestamp":"2026-05-05T11:46:13.313488Z","level":"info","event":"Filling up the DagBag from /opt/airflow/dags/4_XCOMs_kwargs.py","logger":"airflow.models.dagbag.DagBag","filename":"dagbag.py","lineno":593}
{"timestamp":"2026-05-05T11:46:44.244190Z","level":"info","event":"Filling up the DagBag from /opt/airflow/dags/4_XCOMs_kwargs.py","logger":"airflow.models.dagbag.DagBag","filename":"dagbag.py","lineno":593}
{"timestamp":"2026-05-05T11:47:15.555935Z","level":"info","event":"Filling up the DagBag from /opt/airflow/dags/4_XCOMs_kwargs.py","logger":"airflow.models.dagbag.DagBag","filename":"dagbag.py","lineno":593}
{"timestamp":"2026-05-05T11:47:46.932422Z","level":"info","event":"Filling up the DagBag from /opt/airflow/dags/4_XCOMs_kwargs.py","logger":"airflow.models.dagbag.DagBag","filename":"dagbag.py","lineno":593}
{"timestamp":"2026-05-05T11:48:17.134633Z","level":"info","event":"Filling up the DagBag from /opt/airflow/dags/4_XCOMs_kwargs.py","logger":"airflow.models.dagbag.DagBag","filename":"dagbag.py","lineno":593}
{"timestamp":"2026-05-05T11:48:48.156400Z","level":"info","event":"Filling up the DagBag from /opt/airflow/dags/4_XCOMs_kwargs.py","logger":"airflow.models.dagbag.DagBag","filename":"dagbag.py","lineno":593}
{"timestamp":"2026-05-05T11:49:18.914077Z","level":"info","event":"Filling up the DagBag from /opt/airflow/dags/4_XCOMs_kwargs.py","logger":"airflow.models.dagbag.DagBag","filename":"dagbag.py","lineno":593}
{"timestamp":"2026-05-05T11:49:49.487552Z","level":"info","event":"Filling up the DagBag from /opt/airflow/dags/4_XCOMs_kwargs.py","logger":"airflow.models.dagbag.DagBag","filename":"dagbag.py","lineno":593}
{"timestamp":"2026-05-05T11:50:20.485798Z","level":"info","event":"Filling up the DagBag from /opt/airflow/dags/4_XCOMs_kwargs.py","logger":"airflow.models.dagbag.DagBag","filename":"dagbag.py","lineno":593}
{"timestamp":"2026-05-05T11:50:50.729859Z","level":"info","event":"Filling up the DagBag from /opt/airflow/dags/4_XCOMs_kwargs.py","logger":"airflow.models.dagbag.DagBag","filename":"dagbag.py","lineno":593}
{"timestamp":"2026-05-05T11:51:20.938493Z","level":"info","event":"Filling up the DagBag from /opt/airflow/dags/4_XCOMs_kwargs.py","logger":"airflow.models.dagbag.DagBag","filename":"dagbag.py","lineno":593}
{"timestamp":"2026-05-05T11:51:51.123687Z","level":"info","event":"Filling up the DagBag from /opt/airflow/dags/4_XCOMs_kwargs.py","logger":"airflow.models.dagbag.DagBag","filename":"dagbag.py","lineno":593}
{"timestamp":"2026-05-05T11:52:22.244409Z","level":"info","event":"Filling up the DagBag from /opt/airflow/dags/4_XCOMs_kwargs.py","logger":"airflow.models.dagbag.DagBag","filename":"dagbag.py","lineno":593}
{"timestamp":"2026-05-05T11:52:52.540906Z","level":"info","event":"Filling up the DagBag from /opt/airflow/dags/4_XCOMs_kwargs.py","logger":"airflow.models.dagbag.DagBag","filename":"dagbag.py","lineno":593}
{"timestamp":"2026-05-05T11:53:23.648476Z","level":"info","event":"Filling up the DagBag from /opt/airflow/dags/4_XCOMs_kwargs.py","logger":"airflow.models.dagbag.DagBag","filename":"dagbag.py","lineno":593}
{"timestamp":"2026-05-05T11:53:54.603263Z","level":"info","event":"Filling up the DagBag from /opt/airflow/dags/4_XCOMs_kwargs.py","logger":"airflow.models.dagbag.DagBag","filename":"dagbag.py","lineno":593}
{"timestamp":"2026-05-05T11:54:25.044166Z","level":"info","event":"Filling up the DagBag from /opt/airflow/dags/4_XCOMs_kwargs.py","logger":"airflow.models.dagbag.DagBag","filename":"dagbag.py","lineno":593}
{"timestamp":"2026-05-05T11:54:55.298899Z","level":"info","event":"Filling up the DagBag from /opt/airflow/dags/4_XCOMs_kwargs.py","logger":"airflow.models.dagbag.DagBag","filename":"dagbag.py","lineno":593}
{"timestamp":"2026-05-05T11:55:25.516433Z","level":"info","event":"Filling up the DagBag from /opt/airflow/dags/4_XCOMs_kwargs.py","logger":"airflow.models.dagbag.DagBag","filename":"dagbag.py","lineno":593}
{"timestamp":"2026-05-05T11:55:55.826696Z","level":"info","event":"Filling up the DagBag from /opt/airflow/dags/4_XCOMs_kwargs.py","logger":"airflow.models.dagbag.DagBag","filename":"dagbag.py","lineno":593}
{"timestamp":"2026-05-05T11:56:25.971103Z","level":"info","event":"Filling up the DagBag from /opt/airflow/dags/4_XCOMs_kwargs.py","logger":"airflow.models.dagbag.DagBag","filename":"dagbag.py","lineno":593}
{"timestamp":"2026-05-05T11:56:56.961932Z","level":"info","event":"Filling up the DagBag from /opt/airflow/dags/4_XCOMs_kwargs.py","logger":"airflow.models.dagbag.DagBag","filename":"dagbag.py","lineno":593}
{"timestamp":"2026-05-05T11:57:27.993270Z","level":"info","event":"Filling up the DagBag from /opt/airflow/dags/4_XCOMs_kwargs.py","logger":"airflow.models.dagbag.DagBag","filename":"dagbag.py","lineno":593}
{"timestamp":"2026-05-05T11:57:58.971083Z","level":"info","event":"Filling up the DagBag from /opt/airflow/dags/4_XCOMs_kwargs.py","logger":"airflow.models.dagbag.DagBag","filename":"dagbag.py","lineno":593}
{"timestamp":"2026-05-05T11:58:29.956998Z","level":"info","event":"Filling up the DagBag from /opt/airflow/dags/4_XCOMs_kwargs.py","logger":"airflow.models.dagbag.DagBag","filename":"dagbag.py","lineno":593}
{"timestamp":"2026-05-05T11:59:01.083995Z","level":"info","event":"Filling up the DagBag from /opt/airflow/dags/4_XCOMs_kwargs.py","logger":"airflow.models.dagbag.DagBag","filename":"dagbag.py","lineno":593}
{"timestamp":"2026-05-05T11:59:32.189105Z","level":"info","event":"Filling up the DagBag from /opt/airflow/dags/4_XCOMs_kwargs.py","logger":"airflow.models.dagbag.DagBag","filename":"dagbag.py","lineno":593}
{"timestamp":"2026-05-05T12:00:03.292397Z","level":"info","event":"Filling up the DagBag from /opt/airflow/dags/4_XCOMs_kwargs.py","logger":"airflow.models.dagbag.DagBag","filename":"dagbag.py","lineno":593}
{"timestamp":"2026-05-05T12:00:34.297199Z","level":"info","event":"Filling up the DagBag from /opt/airflow/dags/4_XCOMs_kwargs.py","logger":"airflow.models.dagbag.DagBag","filename":"dagbag.py","lineno":593}
{"timestamp":"2026-05-05T12:15:45.547271Z","level":"info","event":"Filling up the DagBag from /opt/airflow/dags/4_XCOMs_kwargs.py","logger":"airflow.models.dagbag.DagBag","filename":"dagbag.py","lineno":593}
{"timestamp":"2026-05-05T12:31:16.648699Z","level":"info","event":"Filling up the DagBag from /opt/airflow/dags/4_XCOMs_kwargs.py","logger":"airflow.models.dagbag.DagBag","filename":"dagbag.py","lineno":593}
{"timestamp":"2026-05-05T12:46:52.589418Z","level":"info","event":"Filling up the DagBag from /opt/airflow/dags/4_XCOMs_kwargs.py","logger":"airflow.models.dagbag.DagBag","filename":"dagbag.py","lineno":593}
{"timestamp":"2026-05-05T13:02:23.465539Z","level":"info","event":"Filling up the DagBag from /opt/airflow/dags/4_XCOMs_kwargs.py","logger":"airflow.models.dagbag.DagBag","filename":"dagbag.py","lineno":593}
{"timestamp":"2026-05-05T13:17:54.169469Z","level":"info","event":"Filling up the DagBag from /opt/airflow/dags/4_XCOMs_kwargs.py","logger":"airflow.models.dagbag.DagBag","filename":"dagbag.py","lineno":593}
{"timestamp":"2026-05-05T13:36:33.446687Z","level":"info","event":"Filling up the DagBag from /opt/airflow/dags/4_XCOMs_kwargs.py","logger":"airflow.models.dagbag.DagBag","filename":"dagbag.py","lineno":593}
{"timestamp":"2026-05-05T13:43:01.933027Z","level":"info","event":"Filling up the DagBag from /opt/airflow/dags/4_XCOMs_kwargs.py","logger":"airflow.models.dagbag.DagBag","filename":"dagbag.py","lineno":593}
{"timestamp":"2026-05-05T13:43:33.092163Z","level":"info","event":"Filling up the DagBag from /opt/airflow/dags/4_XCOMs_kwargs.py","logger":"airflow.models.dagbag.DagBag","filename":"dagbag.py","lineno":593}
{"timestamp":"2026-05-05T13:44:03.326091Z","level":"info","event":"Filling up the DagBag from /opt/airflow/dags/4_XCOMs_kwargs.py","logger":"airflow.models.dagbag.DagBag","filename":"dagbag.py","lineno":593}
{"timestamp":"2026-05-05T13:44:33.755035Z","level":"info","event":"Filling up the DagBag from /opt/airflow/dags/4_XCOMs_kwargs.py","logger":"airflow.models.dagbag.DagBag","filename":"dagbag.py","lineno":593}
{"timestamp":"2026-05-05T13:45:04.032216Z","level":"info","event":"Filling up the DagBag from /opt/airflow/dags/4_XCOMs_kwargs.py","logger":"airflow.models.dagbag.DagBag","filename":"dagbag.py","lineno":593}
{"timestamp":"2026-05-05T13:45:35.143827Z","level":"info","event":"Filling up the DagBag from /opt/airflow/dags/4_XCOMs_kwargs.py","logger":"airflow.models.dagbag.DagBag","filename":"dagbag.py","lineno":593}
{"timestamp":"2026-05-05T13:46:06.145269Z","level":"info","event":"Filling up the DagBag from /opt/airflow/dags/4_XCOMs_kwargs.py","logger":"airflow.models.dagbag.DagBag","filename":"dagbag.py","lineno":593}
{"timestamp":"2026-05-05T13:46:37.006067Z","level":"info","event":"Filling up the DagBag from /opt/airflow/dags/4_XCOMs_kwargs.py","logger":"airflow.models.dagbag.DagBag","filename":"dagbag.py","lineno":593}
{"timestamp":"2026-05-05T13:47:07.902983Z","level":"info","event":"Filling up the DagBag from /opt/airflow/dags/4_XCOMs_kwargs.py","logger":"airflow.models.dagbag.DagBag","filename":"dagbag.py","lineno":593}
{"timestamp":"2026-05-05T13:47:38.898376Z","level":"info","event":"Filling up the DagBag from /opt/airflow/dags/4_XCOMs_kwargs.py","logger":"airflow.models.dagbag.DagBag","filename":"dagbag.py","lineno":593}
{"timestamp":"2026-05-05T13:48:09.245538Z","level":"info","event":"Filling up the DagBag from /opt/airflow/dags/4_XCOMs_kwargs.py","logger":"airflow.models.dagbag.DagBag","filename":"dagbag.py","lineno":593}
{"timestamp":"2026-05-05T13:48:39.386623Z","level":"info","event":"Filling up the DagBag from /opt/airflow/dags/4_XCOMs_kwargs.py","logger":"airflow.models.dagbag.DagBag","filename":"dagbag.py","lineno":593}
{"timestamp":"2026-05-05T13:49:09.523137Z","level":"info","event":"Filling up the DagBag from /opt/airflow/dags/4_XCOMs_kwargs.py","logger":"airflow.models.dagbag.DagBag","filename":"dagbag.py","lineno":593}
{"timestamp":"2026-05-05T13:49:39.630954Z","level":"info","event":"Filling up the DagBag from /opt/airflow/dags/4_XCOMs_kwargs.py","logger":"airflow.models.dagbag.DagBag","filename":"dagbag.py","lineno":593}
{"timestamp":"2026-05-05T13:50:10.587659Z","level":"info","event":"Filling up the DagBag from /opt/airflow/dags/4_XCOMs_kwargs.py","logger":"airflow.models.dagbag.DagBag","filename":"dagbag.py","lineno":593}
{"timestamp":"2026-05-05T13:50:41.566133Z","level":"info","event":"Filling up the DagBag from /opt/airflow/dags/4_XCOMs_kwargs.py","logger":"airflow.models.dagbag.DagBag","filename":"dagbag.py","lineno":593}
{"timestamp":"2026-05-05T13:51:12.528292Z","level":"info","event":"Filling up the DagBag from /opt/airflow/dags/4_XCOMs_kwargs.py","logger":"airflow.models.dagbag.DagBag","filename":"dagbag.py","lineno":593}
{"timestamp":"2026-05-05T13:51:43.577036Z","level":"info","event":"Filling up the DagBag from /opt/airflow/dags/4_XCOMs_kwargs.py","logger":"airflow.models.dagbag.DagBag","filename":"dagbag.py","lineno":593}
{"timestamp":"2026-05-05T13:52:14.611114Z","level":"info","event":"Filling up the DagBag from /opt/airflow/dags/4_XCOMs_kwargs.py","logger":"airflow.models.dagbag.DagBag","filename":"dagbag.py","lineno":593}
{"timestamp":"2026-05-05T13:52:45.040382Z","level":"info","event":"Filling up the DagBag from /opt/airflow/dags/4_XCOMs_kwargs.py","logger":"airflow.models.dagbag.DagBag","filename":"dagbag.py","lineno":593}
{"timestamp":"2026-05-05T13:53:15.111419Z","level":"info","event":"Filling up the DagBag from /opt/airflow/dags/4_XCOMs_kwargs.py","logger":"airflow.models.dagbag.DagBag","filename":"dagbag.py","lineno":593}
{"timestamp":"2026-05-05T13:53:45.442436Z","level":"info","event":"Filling up the DagBag from /opt/airflow/dags/4_XCOMs_kwargs.py","logger":"airflow.models.dagbag.DagBag","filename":"dagbag.py","lineno":593}
{"timestamp":"2026-05-05T13:54:15.937924Z","level":"info","event":"Filling up the DagBag from /opt/airflow/dags/4_XCOMs_kwargs.py","logger":"airflow.models.dagbag.DagBag","filename":"dagbag.py","lineno":593}
{"timestamp":"2026-05-05T13:54:46.641588Z","level":"info","event":"Filling up the DagBag from /opt/airflow/dags/4_XCOMs_kwargs.py","logger":"airflow.models.dagbag.DagBag","filename":"dagbag.py","lineno":593}
{"timestamp":"2026-05-05T13:55:17.209309Z","level":"info","event":"Filling up the DagBag from /opt/airflow/dags/4_XCOMs_kwargs.py","logger":"airflow.models.dagbag.DagBag","filename":"dagbag.py","lineno":593}
{"timestamp":"2026-05-05T13:55:47.280960Z","level":"info","event":"Filling up the DagBag from /opt/airflow/dags/4_XCOMs_kwargs.py","logger":"airflow.models.dagbag.DagBag","filename":"dagbag.py","lineno":593}
{"timestamp":"2026-05-05T13:56:18.361803Z","level":"info","event":"Filling up the DagBag from /opt/airflow/dags/4_XCOMs_kwargs.py","logger":"airflow.models.dagbag.DagBag","filename":"dagbag.py","lineno":593}
{"timestamp":"2026-05-05T13:56:49.371220Z","level":"info","event":"Filling up the DagBag from /opt/airflow/dags/4_XCOMs_kwargs.py","logger":"airflow.models.dagbag.DagBag","filename":"dagbag.py","lineno":593}
{"timestamp":"2026-05-05T13:57:20.395595Z","level":"info","event":"Filling up the DagBag from /opt/airflow/dags/4_XCOMs_kwargs.py","logger":"airflow.models.dagbag.DagBag","filename":"dagbag.py","lineno":593}
{"timestamp":"2026-05-05T13:57:51.432650Z","level":"info","event":"Filling up the DagBag from /opt/airflow/dags/4_XCOMs_kwargs.py","logger":"airflow.models.dagbag.DagBag","filename":"dagbag.py","lineno":593}
{"timestamp":"2026-05-05T13:58:22.466504Z","level":"info","event":"Filling up the DagBag from /opt/airflow/dags/4_XCOMs_kwargs.py","logger":"airflow.models.dagbag.DagBag","filename":"dagbag.py","lineno":593}
{"timestamp":"2026-05-05T13:58:53.400018Z","level":"info","event":"Filling up the DagBag from /opt/airflow/dags/4_XCOMs_kwargs.py","logger":"airflow.models.dagbag.DagBag","filename":"dagbag.py","lineno":593}
{"timestamp":"2026-05-05T13:59:24.359330Z","level":"info","event":"Filling up the DagBag from /opt/airflow/dags/4_XCOMs_kwargs.py","logger":"airflow.models.dagbag.DagBag","filename":"dagbag.py","lineno":593}
{"timestamp":"2026-05-05T13:59:55.461432Z","level":"info","event":"Filling up the DagBag from /opt/airflow/dags/4_XCOMs_kwargs.py","logger":"airflow.models.dagbag.DagBag","filename":"dagbag.py","lineno":593}
{"timestamp":"2026-05-05T14:00:26.826134Z","level":"info","event":"Filling up the DagBag from /opt/airflow/dags/4_XCOMs_kwargs.py","logger":"airflow.models.dagbag.DagBag","filename":"dagbag.py","lineno":593}
{"timestamp":"2026-05-05T14:00:57.134775Z","level":"info","event":"Filling up the DagBag from /opt/airflow/dags/4_XCOMs_kwargs.py","logger":"airflow.models.dagbag.DagBag","filename":"dagbag.py","lineno":593}
{"timestamp":"2026-05-05T14:01:28.280736Z","level":"info","event":"Filling up the DagBag from /opt/airflow/dags/4_XCOMs_kwargs.py","logger":"airflow.models.dagbag.DagBag","filename":"dagbag.py","lineno":593}
{"timestamp":"2026-05-05T14:01:59.279505Z","level":"info","event":"Filling up the DagBag from /opt/airflow/dags/4_XCOMs_kwargs.py","logger":"airflow.models.dagbag.DagBag","filename":"dagbag.py","lineno":593}
{"timestamp":"2026-05-05T14:02:30.472120Z","level":"info","event":"Filling up the DagBag from /opt/airflow/dags/4_XCOMs_kwargs.py","logger":"airflow.models.dagbag.DagBag","filename":"dagbag.py","lineno":593}
{"timestamp":"2026-05-05T14:03:01.027833Z","level":"info","event":"Filling up the DagBag from /opt/airflow/dags/4_XCOMs_kwargs.py","logger":"airflow.models.dagbag.DagBag","filename":"dagbag.py","lineno":593}
{"timestamp":"2026-05-05T14:11:28.611615Z","level":"info","event":"Filling up the DagBag from /opt/airflow/dags/4_XCOMs_kwargs.py","logger":"airflow.models.dagbag.DagBag","filename":"dagbag.py","lineno":593}
{"timestamp":"2026-05-05T14:13:15.440849Z","level":"info","event":"Filling up the DagBag from /opt/airflow/dags/4_XCOMs_kwargs.py","logger":"airflow.models.dagbag.DagBag","filename":"dagbag.py","lineno":593}
{"timestamp":"2026-05-05T14:16:34.219859Z","level":"info","event":"Filling up the DagBag from /opt/airflow/dags/4_XCOMs_kwargs.py","logger":"airflow.models.dagbag.DagBag","filename":"dagbag.py","lineno":593}
{"timestamp":"2026-05-05T14:17:05.300566Z","level":"info","event":"Filling up the DagBag from /opt/airflow/dags/4_XCOMs_kwargs.py","logger":"airflow.models.dagbag.DagBag","filename":"dagbag.py","lineno":593}
{"timestamp":"2026-05-05T14:17:36.297108Z","level":"info","event":"Filling up the DagBag from /opt/airflow/dags/4_XCOMs_kwargs.py","logger":"airflow.models.dagbag.DagBag","filename":"dagbag.py","lineno":593}
{"timestamp":"2026-05-05T14:18:30.375517Z","level":"info","event":"Filling up the DagBag from /opt/airflow/dags/4_XCOMs_kwargs.py","logger":"airflow.models.dagbag.DagBag","filename":"dagbag.py","lineno":593}
{"timestamp":"2026-05-05T14:19:28.584158Z","level":"info","event":"Filling up the DagBag from /opt/airflow/dags/4_XCOMs_kwargs.py","logger":"airflow.models.dagbag.DagBag","filename":"dagbag.py","lineno":593}
{"timestamp":"2026-05-05T14:22:13.085167Z","level":"info","event":"Filling up the DagBag from /opt/airflow/dags/4_XCOMs_kwargs.py","logger":"airflow.models.dagbag.DagBag","filename":"dagbag.py","lineno":593}
{"timestamp":"2026-05-05T14:26:09.870493Z","level":"info","event":"Filling up the DagBag from /opt/airflow/dags/4_XCOMs_kwargs.py","logger":"airflow.models.dagbag.DagBag","filename":"dagbag.py","lineno":593}
{"timestamp":"2026-05-05T14:29:15.383104Z","level":"info","event":"Filling up the DagBag from /opt/airflow/dags/4_XCOMs_kwargs.py","logger":"airflow.models.dagbag.DagBag","filename":"dagbag.py","lineno":593}
{"timestamp":"2026-05-05T14:32:16.891597Z","level":"info","event":"Filling up the DagBag from /opt/airflow/dags/4_XCOMs_kwargs.py","logger":"airflow.models.dagbag.DagBag","filename":"dagbag.py","lineno":593}
{"timestamp":"2026-05-05T14:32:48.005104Z","level":"info","event":"Filling up the DagBag from /opt/airflow/dags/4_XCOMs_kwargs.py","logger":"airflow.models.dagbag.DagBag","filename":"dagbag.py","lineno":593}
{"timestamp":"2026-05-05T14:36:15.481947Z","level":"info","event":"Filling up the DagBag from /opt/airflow/dags/4_XCOMs_kwargs.py","logger":"airflow.models.dagbag.DagBag","filename":"dagbag.py","lineno":593}
{"timestamp":"2026-05-05T14:40:19.531375Z","level":"info","event":"Filling up the DagBag from /opt/airflow/dags/4_XCOMs_kwargs.py","logger":"airflow.models.dagbag.DagBag","filename":"dagbag.py","lineno":593}
{"timestamp":"2026-05-05T14:41:25.656082Z","level":"info","event":"Filling up the DagBag from /opt/airflow/dags/4_XCOMs_kwargs.py","logger":"airflow.models.dagbag.DagBag","filename":"dagbag.py","lineno":593}
{"timestamp":"2026-05-05T14:48:54.384692Z","level":"info","event":"Filling up the DagBag from /opt/airflow/dags/4_XCOMs_kwargs.py","logger":"airflow.models.dagbag.DagBag","filename":"dagbag.py","lineno":593}
{"timestamp":"2026-05-05T14:53:41.219897Z","level":"info","event":"Filling up the DagBag from /opt/airflow/dags/4_XCOMs_kwargs.py","logger":"airflow.models.dagbag.DagBag","filename":"dagbag.py","lineno":593}
{"timestamp":"2026-05-05T15:00:11.229387Z","level":"info","event":"Filling up the DagBag from /opt/airflow/dags/4_XCOMs_kwargs.py","logger":"airflow.models.dagbag.DagBag","filename":"dagbag.py","lineno":593}
{"timestamp":"2026-05-05T15:22:21.315499Z","level":"info","event":"Filling up the DagBag from /opt/airflow/dags/4_XCOMs_kwargs.py","logger":"airflow.models.dagbag.DagBag","filename":"dagbag.py","lineno":593}
{"timestamp":"2026-05-05T15:26:56.068196Z","level":"info","event":"Filling up the DagBag from /opt/airflow/dags/4_XCOMs_kwargs.py","logger":"airflow.models.dagbag.DagBag","filename":"dagbag.py","lineno":593}
{"timestamp":"2026-05-05T15:27:27.564992Z","level":"info","event":"Filling up the DagBag from /opt/airflow/dags/4_XCOMs_kwargs.py","logger":"airflow.models.dagbag.DagBag","filename":"dagbag.py","lineno":593}
{"timestamp":"2026-05-05T15:43:46.746014Z","level":"info","event":"Filling up the DagBag from /opt/airflow/dags/4_XCOMs_kwargs.py","logger":"airflow.models.dagbag.DagBag","filename":"dagbag.py","lineno":593}
{"timestamp":"2026-05-05T15:59:46.811607Z","level":"info","event":"Filling up the DagBag from /opt/airflow/dags/4_XCOMs_kwargs.py","logger":"airflow.models.dagbag.DagBag","filename":"dagbag.py","lineno":593}
{"timestamp":"2026-05-05T16:00:18.176322Z","level":"info","event":"Filling up the DagBag from /opt/airflow/dags/4_XCOMs_kwargs.py","logger":"airflow.models.dagbag.DagBag","filename":"dagbag.py","lineno":593}
{"timestamp":"2026-05-05T16:20:59.742560Z","level":"info","event":"Filling up the DagBag from /opt/airflow/dags/4_XCOMs_kwargs.py","logger":"airflow.models.dagbag.DagBag","filename":"dagbag.py","lineno":593}
{"timestamp":"2026-05-05T16:36:29.959425Z","level":"info","event":"Filling up the DagBag from /opt/airflow/dags/4_XCOMs_kwargs.py","logger":"airflow.models.dagbag.DagBag","filename":"dagbag.py","lineno":593}
{"timestamp":"2026-05-05T16:37:01.051531Z","level":"info","event":"Filling up the DagBag from /opt/airflow/dags/4_XCOMs_kwargs.py","logger":"airflow.models.dagbag.DagBag","filename":"dagbag.py","lineno":593}
{"timestamp":"2026-05-05T17:07:36.182639Z","level":"info","event":"Filling up the DagBag from /opt/airflow/dags/4_XCOMs_kwargs.py","logger":"airflow.models.dagbag.DagBag","filename":"dagbag.py","lineno":593}
{"timestamp":"2026-05-05T17:23:06.583102Z","level":"info","event":"Filling up the DagBag from /opt/airflow/dags/4_XCOMs_kwargs.py","logger":"airflow.models.dagbag.DagBag","filename":"dagbag.py","lineno":593}
{"timestamp":"2026-05-05T17:38:37.716433Z","level":"info","event":"Filling up the DagBag from /opt/airflow/dags/4_XCOMs_kwargs.py","logger":"airflow.models.dagbag.DagBag","filename":"dagbag.py","lineno":593}
{"timestamp":"2026-05-05T17:39:07.883362Z","level":"info","event":"Filling up the DagBag from /opt/airflow/dags/4_XCOMs_kwargs.py","logger":"airflow.models.dagbag.DagBag","filename":"dagbag.py","lineno":593}
{"timestamp":"2026-05-05T18:06:41.878030Z","level":"info","event":"Filling up the DagBag from /opt/airflow/dags/4_XCOMs_kwargs.py","logger":"airflow.models.dagbag.DagBag","filename":"dagbag.py","lineno":593}
{"timestamp":"2026-05-05T18:22:14.553213Z","level":"info","event":"Filling up the DagBag from /opt/airflow/dags/4_XCOMs_kwargs.py","logger":"airflow.models.dagbag.DagBag","filename":"dagbag.py","lineno":593}
{"timestamp":"2026-05-05T18:43:28.384830Z","level":"info","event":"Filling up the DagBag from /opt/airflow/dags/4_XCOMs_kwargs.py","logger":"airflow.models.dagbag.DagBag","filename":"dagbag.py","lineno":593}
{"timestamp":"2026-05-05T18:59:00.456360Z","level":"info","event":"Filling up the DagBag from /opt/airflow/dags/4_XCOMs_kwargs.py","logger":"airflow.models.dagbag.DagBag","filename":"dagbag.py","lineno":593}
{"timestamp":"2026-05-05T19:14:32.320441Z","level":"info","event":"Filling up the DagBag from /opt/airflow/dags/4_XCOMs_kwargs.py","logger":"airflow.models.dagbag.DagBag","filename":"dagbag.py","lineno":593}
{"timestamp":"2026-05-05T19:45:04.415448Z","level":"info","event":"Filling up the DagBag from /opt/airflow/dags/4_XCOMs_kwargs.py","logger":"airflow.models.dagbag.DagBag","filename":"dagbag.py","lineno":593}
{"timestamp":"2026-05-05T20:00:39.541558Z","level":"info","event":"Filling up the DagBag from /opt/airflow/dags/4_XCOMs_kwargs.py","logger":"airflow.models.dagbag.DagBag","filename":"dagbag.py","lineno":593}
{"timestamp":"2026-05-05T20:16:12.965523Z","level":"info","event":"Filling up the DagBag from /opt/airflow/dags/4_XCOMs_kwargs.py","logger":"airflow.models.dagbag.DagBag","filename":"dagbag.py","lineno":593}
{"timestamp":"2026-05-05T20:31:49.340036Z","level":"info","event":"Filling up the DagBag from /opt/airflow/dags/4_XCOMs_kwargs.py","logger":"airflow.models.dagbag.DagBag","filename":"dagbag.py","lineno":593}
{"timestamp":"2026-05-05T20:47:22.154452Z","level":"info","event":"Filling up the DagBag from /opt/airflow/dags/4_XCOMs_kwargs.py","logger":"airflow.models.dagbag.DagBag","filename":"dagbag.py","lineno":593}
{"timestamp":"2026-05-05T21:02:51.654980Z","level":"info","event":"Filling up the DagBag from /opt/airflow/dags/4_XCOMs_kwargs.py","logger":"airflow.models.dagbag.DagBag","filename":"dagbag.py","lineno":593}
{"timestamp":"2026-05-05T21:18:22.647420Z","level":"info","event":"Filling up the DagBag from /opt/airflow/dags/4_XCOMs_kwargs.py","logger":"airflow.models.dagbag.DagBag","filename":"dagbag.py","lineno":593}
{"timestamp":"2026-05-05T21:33:53.855602Z","level":"info","event":"Filling up the DagBag from /opt/airflow/dags/4_XCOMs_kwargs.py","logger":"airflow.models.dagbag.DagBag","filename":"dagbag.py","lineno":593}
{"timestamp":"2026-05-05T21:49:25.010519Z","level":"info","event":"Filling up the DagBag from /opt/airflow/dags/4_XCOMs_kwargs.py","logger":"airflow.models.dagbag.DagBag","filename":"dagbag.py","lineno":593}
{"timestamp":"2026-05-05T22:04:55.103082Z","level":"info","event":"Filling up the DagBag from /opt/airflow/dags/4_XCOMs_kwargs.py","logger":"airflow.models.dagbag.DagBag","filename":"dagbag.py","lineno":593}
{"timestamp":"2026-05-05T22:20:26.144430Z","level":"info","event":"Filling up the DagBag from /opt/airflow/dags/4_XCOMs_kwargs.py","logger":"airflow.models.dagbag.DagBag","filename":"dagbag.py","lineno":593}
{"timestamp":"2026-05-05T22:41:19.369724Z","level":"info","event":"Filling up the DagBag from /opt/airflow/dags/4_XCOMs_kwargs.py","logger":"airflow.models.dagbag.DagBag","filename":"dagbag.py","lineno":593}
{"timestamp":"2026-05-05T22:56:48.960499Z","level":"info","event":"Filling up the DagBag from /opt/airflow/dags/4_XCOMs_kwargs.py","logger":"airflow.models.dagbag.DagBag","filename":"dagbag.py","lineno":593}
{"timestamp":"2026-05-05T23:00:01.947176Z","level":"info","event":"Filling up the DagBag from /opt/airflow/dags/4_XCOMs_kwargs.py","logger":"airflow.models.dagbag.DagBag","filename":"dagbag.py","lineno":593}
{"timestamp":"2026-05-05T23:15:32.918903Z","level":"info","event":"Filling up the DagBag from /opt/airflow/dags/4_XCOMs_kwargs.py","logger":"airflow.models.dagbag.DagBag","filename":"dagbag.py","lineno":593}
{"timestamp":"2026-05-05T23:31:03.766308Z","level":"info","event":"Filling up the DagBag from /opt/airflow/dags/4_XCOMs_kwargs.py","logger":"airflow.models.dagbag.DagBag","filename":"dagbag.py","lineno":593}
{"timestamp":"2026-05-05T23:46:34.564369Z","level":"info","event":"Filling up the DagBag from /opt/airflow/dags/4_XCOMs_kwargs.py","logger":"airflow.models.dagbag.DagBag","filename":"dagbag.py","lineno":593}
