{"timestamp":"2026-05-05T11:48:49.380675Z","level":"info","event":"Filling up the DagBag from /opt/airflow/dags/9_schedule_cron.py","logger":"airflow.models.dagbag.DagBag","filename":"dagbag.py","lineno":593}
{"timestamp":"2026-05-05T11:49:08.104828Z","level":"info","event":"Filling up the DagBag from /opt/airflow/dags/9_schedule_cron.py","logger":"airflow.models.dagbag.DagBag","filename":"dagbag.py","lineno":593}
{"timestamp":"2026-05-05T11:49:08.141343Z","level":"error","event":"Failed to import: /opt/airflow/dags/9_schedule_cron.py","logger":"airflow.models.dagbag.DagBag","filename":"dagbag.py","lineno":415,"error_detail":[{"exc_type":"ValueError","exc_value":"ZoneInfo keys must be normalized relative paths, got: ","exc_notes":[],"syntax_error":null,"is_cause":false,"frames":[{"filename":"/home/airflow/.local/lib/python3.12/site-packages/airflow/models/dagbag.py","lineno":405,"name":"parse"},{"filename":"<frozen importlib._bootstrap_external>","lineno":999,"name":"exec_module"},{"filename":"<frozen importlib._bootstrap>","lineno":488,"name":"_call_with_frames_removed"},{"filename":"/opt/airflow/dags/9_schedule_cron.py","lineno":8,"name":"<module>"},{"filename":"/home/airflow/.local/lib/python3.12/site-packages/pendulum/__init__.py","lineno":140,"name":"datetime"},{"filename":"/home/airflow/.local/lib/python3.12/site-packages/pendulum/datetime.py","lineno":103,"name":"create"},{"filename":"/home/airflow/.local/lib/python3.12/site-packages/pendulum/__init__.py","lineno":121,"name":"_safe_timezone"},{"filename":"/home/airflow/.local/lib/python3.12/site-packages/pendulum/__init__.py","lineno":83,"name":"timezone"},{"filename":"/home/airflow/.local/lib/python3.12/site-packages/pendulum/tz/timezone.py","lineno":65,"name":"__new__"},{"filename":"/usr/python/lib/python3.12/zoneinfo/_tzpath.py","lineno":73,"name":"find_tzfile"},{"filename":"/usr/python/lib/python3.12/zoneinfo/_tzpath.py","lineno":97,"name":"_validate_tzfile_path"}],"is_group":false,"exceptions":[]}]}
{"timestamp":"2026-05-05T11:49:09.252263Z","level":"info","event":"Filling up the DagBag from /opt/airflow/dags/9_schedule_cron.py","logger":"airflow.models.dagbag.DagBag","filename":"dagbag.py","lineno":593}
{"timestamp":"2026-05-05T11:49:09.290998Z","level":"error","event":"Failed to import: /opt/airflow/dags/9_schedule_cron.py","logger":"airflow.models.dagbag.DagBag","filename":"dagbag.py","lineno":415,"error_detail":[{"exc_type":"InvalidTimezone","exc_value":"As","exc_notes":[],"syntax_error":null,"is_cause":false,"frames":[{"filename":"/home/airflow/.local/lib/python3.12/site-packages/airflow/models/dagbag.py","lineno":405,"name":"parse"},{"filename":"<frozen importlib._bootstrap_external>","lineno":999,"name":"exec_module"},{"filename":"<frozen importlib._bootstrap>","lineno":488,"name":"_call_with_frames_removed"},{"filename":"/opt/airflow/dags/9_schedule_cron.py","lineno":8,"name":"<module>"},{"filename":"/home/airflow/.local/lib/python3.12/site-packages/pendulum/__init__.py","lineno":140,"name":"datetime"},{"filename":"/home/airflow/.local/lib/python3.12/site-packages/pendulum/datetime.py","lineno":103,"name":"create"},{"filename":"/home/airflow/.local/lib/python3.12/site-packages/pendulum/__init__.py","lineno":121,"name":"_safe_timezone"},{"filename":"/home/airflow/.local/lib/python3.12/site-packages/pendulum/__init__.py","lineno":83,"name":"timezone"},{"filename":"/home/airflow/.local/lib/python3.12/site-packages/pendulum/tz/timezone.py","lineno":67,"name":"__new__"}],"is_group":false,"exceptions":[]},{"exc_type":"ZoneInfoNotFoundError","exc_value":"'No time zone found with key As'","exc_notes":[],"syntax_error":null,"is_cause":false,"frames":[{"filename":"/home/airflow/.local/lib/python3.12/site-packages/pendulum/tz/timezone.py","lineno":65,"name":"__new__"},{"filename":"/usr/python/lib/python3.12/zoneinfo/_common.py","lineno":24,"name":"load_tzdata"}],"is_group":false,"exceptions":[]},{"exc_type":"FileNotFoundError","exc_value":"[Errno 2] No such file or directory: '/home/airflow/.local/lib/python3.12/site-packages/tzdata/zoneinfo/As'","exc_notes":[],"syntax_error":null,"is_cause":false,"frames":[{"filename":"/usr/python/lib/python3.12/zoneinfo/_common.py","lineno":12,"name":"load_tzdata"},{"filename":"/usr/python/lib/python3.12/pathlib.py","lineno":1013,"name":"open"}],"is_group":false,"exceptions":[]}]}
{"timestamp":"2026-05-05T11:49:12.505962Z","level":"info","event":"Filling up the DagBag from /opt/airflow/dags/9_schedule_cron.py","logger":"airflow.models.dagbag.DagBag","filename":"dagbag.py","lineno":593}
{"timestamp":"2026-05-05T11:49:25.649950Z","level":"info","event":"Filling up the DagBag from /opt/airflow/dags/9_schedule_cron.py","logger":"airflow.models.dagbag.DagBag","filename":"dagbag.py","lineno":593}
{"timestamp":"2026-05-05T11:49:50.862047Z","level":"info","event":"Filling up the DagBag from /opt/airflow/dags/9_schedule_cron.py","logger":"airflow.models.dagbag.DagBag","filename":"dagbag.py","lineno":593}
{"timestamp":"2026-05-05T11:49:50.958133Z","level":"error","event":"Failed to bag_dag: /opt/airflow/dags/9_schedule_cron.py","logger":"airflow.models.dagbag.DagBag","filename":"dagbag.py","lineno":518,"error_detail":[{"exc_type":"AirflowTimetableInvalid","exc_value":"[0 1618 * * MON-FRI] is not acceptable, out of range","exc_notes":[],"syntax_error":null,"is_cause":false,"frames":[{"filename":"/home/airflow/.local/lib/python3.12/site-packages/airflow/models/dagbag.py","lineno":512,"name":"_process_modules"},{"filename":"/home/airflow/.local/lib/python3.12/site-packages/airflow/sdk/definitions/dag.py","lineno":681,"name":"validate"},{"filename":"/home/airflow/.local/lib/python3.12/site-packages/airflow/timetables/_cron.py","lineno":142,"name":"validate"}],"is_group":false,"exceptions":[]},{"exc_type":"CroniterBadCronError","exc_value":"[0 1618 * * MON-FRI] is not acceptable, out of range","exc_notes":[],"syntax_error":null,"is_cause":false,"frames":[{"filename":"/home/airflow/.local/lib/python3.12/site-packages/airflow/timetables/_cron.py","lineno":140,"name":"validate"},{"filename":"/home/airflow/.local/lib/python3.12/site-packages/croniter/croniter.py","lineno":268,"name":"__init__"},{"filename":"/home/airflow/.local/lib/python3.12/site-packages/croniter/croniter.py","lineno":1113,"name":"expand"},{"filename":"/home/airflow/.local/lib/python3.12/site-packages/croniter/croniter.py","lineno":1029,"name":"_expand"}],"is_group":false,"exceptions":[]}]}
{"timestamp":"2026-05-05T11:49:53.374667Z","level":"info","event":"Filling up the DagBag from /opt/airflow/dags/9_schedule_cron.py","logger":"airflow.models.dagbag.DagBag","filename":"dagbag.py","lineno":593}
{"timestamp":"2026-05-05T11:50:20.214972Z","level":"info","event":"Filling up the DagBag from /opt/airflow/dags/9_schedule_cron.py","logger":"airflow.models.dagbag.DagBag","filename":"dagbag.py","lineno":593}
{"timestamp":"2026-05-05T11:50:26.033171Z","level":"info","event":"Filling up the DagBag from /opt/airflow/dags/9_schedule_cron.py","logger":"airflow.models.dagbag.DagBag","filename":"dagbag.py","lineno":593}
{"timestamp":"2026-05-05T11:50:57.091000Z","level":"info","event":"Filling up the DagBag from /opt/airflow/dags/9_schedule_cron.py","logger":"airflow.models.dagbag.DagBag","filename":"dagbag.py","lineno":593}
{"timestamp":"2026-05-05T11:51:27.319718Z","level":"info","event":"Filling up the DagBag from /opt/airflow/dags/9_schedule_cron.py","logger":"airflow.models.dagbag.DagBag","filename":"dagbag.py","lineno":593}
{"timestamp":"2026-05-05T11:51:57.471200Z","level":"info","event":"Filling up the DagBag from /opt/airflow/dags/9_schedule_cron.py","logger":"airflow.models.dagbag.DagBag","filename":"dagbag.py","lineno":593}
{"timestamp":"2026-05-05T11:52:27.573665Z","level":"info","event":"Filling up the DagBag from /opt/airflow/dags/9_schedule_cron.py","logger":"airflow.models.dagbag.DagBag","filename":"dagbag.py","lineno":593}
{"timestamp":"2026-05-05T11:52:57.889280Z","level":"info","event":"Filling up the DagBag from /opt/airflow/dags/9_schedule_cron.py","logger":"airflow.models.dagbag.DagBag","filename":"dagbag.py","lineno":593}
{"timestamp":"2026-05-05T11:53:28.924499Z","level":"info","event":"Filling up the DagBag from /opt/airflow/dags/9_schedule_cron.py","logger":"airflow.models.dagbag.DagBag","filename":"dagbag.py","lineno":593}
{"timestamp":"2026-05-05T11:53:55.878038Z","level":"info","event":"Filling up the DagBag from /opt/airflow/dags/9_schedule_cron.py","logger":"airflow.models.dagbag.DagBag","filename":"dagbag.py","lineno":593}
{"timestamp":"2026-05-05T11:53:55.889432Z","level":"error","event":"Failed to import: /opt/airflow/dags/9_schedule_cron.py","logger":"airflow.models.dagbag.DagBag","filename":"dagbag.py","lineno":415,"error_detail":[{"exc_type":"SyntaxError","exc_value":"expected argument value expression (9_schedule_cron.py, line 10)","exc_notes":[],"syntax_error":{"offset":39,"filename":"/opt/airflow/dags/9_schedule_cron.py","line":"        end_date= datetime(year=2026, month=, day=31, tz=\"Asia/Kolkata\"),\n","lineno":10,"msg":"expected argument value expression"},"is_cause":false,"frames":[{"filename":"/home/airflow/.local/lib/python3.12/site-packages/airflow/models/dagbag.py","lineno":405,"name":"parse"},{"filename":"<frozen importlib._bootstrap_external>","lineno":995,"name":"exec_module"},{"filename":"<frozen importlib._bootstrap_external>","lineno":1133,"name":"get_code"},{"filename":"<frozen importlib._bootstrap_external>","lineno":1063,"name":"source_to_code"},{"filename":"<frozen importlib._bootstrap>","lineno":488,"name":"_call_with_frames_removed"}],"is_group":false,"exceptions":[]}]}
{"timestamp":"2026-05-05T11:53:56.964448Z","level":"info","event":"Filling up the DagBag from /opt/airflow/dags/9_schedule_cron.py","logger":"airflow.models.dagbag.DagBag","filename":"dagbag.py","lineno":593}
{"timestamp":"2026-05-05T11:54:00.163050Z","level":"info","event":"Filling up the DagBag from /opt/airflow/dags/9_schedule_cron.py","logger":"airflow.models.dagbag.DagBag","filename":"dagbag.py","lineno":593}
{"timestamp":"2026-05-05T11:54:30.605971Z","level":"info","event":"Filling up the DagBag from /opt/airflow/dags/9_schedule_cron.py","logger":"airflow.models.dagbag.DagBag","filename":"dagbag.py","lineno":593}
{"timestamp":"2026-05-05T11:55:00.789795Z","level":"info","event":"Filling up the DagBag from /opt/airflow/dags/9_schedule_cron.py","logger":"airflow.models.dagbag.DagBag","filename":"dagbag.py","lineno":593}
{"timestamp":"2026-05-05T11:55:31.930444Z","level":"info","event":"Filling up the DagBag from /opt/airflow/dags/9_schedule_cron.py","logger":"airflow.models.dagbag.DagBag","filename":"dagbag.py","lineno":593}
{"timestamp":"2026-05-05T11:56:02.236544Z","level":"info","event":"Filling up the DagBag from /opt/airflow/dags/9_schedule_cron.py","logger":"airflow.models.dagbag.DagBag","filename":"dagbag.py","lineno":593}
{"timestamp":"2026-05-05T11:56:33.347274Z","level":"info","event":"Filling up the DagBag from /opt/airflow/dags/9_schedule_cron.py","logger":"airflow.models.dagbag.DagBag","filename":"dagbag.py","lineno":593}
{"timestamp":"2026-05-05T11:57:04.340832Z","level":"info","event":"Filling up the DagBag from /opt/airflow/dags/9_schedule_cron.py","logger":"airflow.models.dagbag.DagBag","filename":"dagbag.py","lineno":593}
{"timestamp":"2026-05-05T11:57:35.324423Z","level":"info","event":"Filling up the DagBag from /opt/airflow/dags/9_schedule_cron.py","logger":"airflow.models.dagbag.DagBag","filename":"dagbag.py","lineno":593}
{"timestamp":"2026-05-05T11:58:06.318167Z","level":"info","event":"Filling up the DagBag from /opt/airflow/dags/9_schedule_cron.py","logger":"airflow.models.dagbag.DagBag","filename":"dagbag.py","lineno":593}
{"timestamp":"2026-05-05T11:58:37.346983Z","level":"info","event":"Filling up the DagBag from /opt/airflow/dags/9_schedule_cron.py","logger":"airflow.models.dagbag.DagBag","filename":"dagbag.py","lineno":593}
{"timestamp":"2026-05-05T11:59:08.467975Z","level":"info","event":"Filling up the DagBag from /opt/airflow/dags/9_schedule_cron.py","logger":"airflow.models.dagbag.DagBag","filename":"dagbag.py","lineno":593}
{"timestamp":"2026-05-05T11:59:39.553707Z","level":"info","event":"Filling up the DagBag from /opt/airflow/dags/9_schedule_cron.py","logger":"airflow.models.dagbag.DagBag","filename":"dagbag.py","lineno":593}
{"timestamp":"2026-05-05T12:00:10.628741Z","level":"info","event":"Filling up the DagBag from /opt/airflow/dags/9_schedule_cron.py","logger":"airflow.models.dagbag.DagBag","filename":"dagbag.py","lineno":593}
{"timestamp":"2026-05-05T12:00:41.789302Z","level":"info","event":"Filling up the DagBag from /opt/airflow/dags/9_schedule_cron.py","logger":"airflow.models.dagbag.DagBag","filename":"dagbag.py","lineno":593}
{"timestamp":"2026-05-05T12:15:45.325323Z","level":"info","event":"Filling up the DagBag from /opt/airflow/dags/9_schedule_cron.py","logger":"airflow.models.dagbag.DagBag","filename":"dagbag.py","lineno":593}
{"timestamp":"2026-05-05T12:31:16.435194Z","level":"info","event":"Filling up the DagBag from /opt/airflow/dags/9_schedule_cron.py","logger":"airflow.models.dagbag.DagBag","filename":"dagbag.py","lineno":593}
{"timestamp":"2026-05-05T12:46:52.402475Z","level":"info","event":"Filling up the DagBag from /opt/airflow/dags/9_schedule_cron.py","logger":"airflow.models.dagbag.DagBag","filename":"dagbag.py","lineno":593}
{"timestamp":"2026-05-05T13:02:23.260478Z","level":"info","event":"Filling up the DagBag from /opt/airflow/dags/9_schedule_cron.py","logger":"airflow.models.dagbag.DagBag","filename":"dagbag.py","lineno":593}
{"timestamp":"2026-05-05T13:17:53.940657Z","level":"info","event":"Filling up the DagBag from /opt/airflow/dags/9_schedule_cron.py","logger":"airflow.models.dagbag.DagBag","filename":"dagbag.py","lineno":593}
{"timestamp":"2026-05-05T13:36:33.202521Z","level":"info","event":"Filling up the DagBag from /opt/airflow/dags/9_schedule_cron.py","logger":"airflow.models.dagbag.DagBag","filename":"dagbag.py","lineno":593}
{"timestamp":"2026-05-05T13:43:01.651883Z","level":"info","event":"Filling up the DagBag from /opt/airflow/dags/9_schedule_cron.py","logger":"airflow.models.dagbag.DagBag","filename":"dagbag.py","lineno":593}
{"timestamp":"2026-05-05T13:43:32.837278Z","level":"info","event":"Filling up the DagBag from /opt/airflow/dags/9_schedule_cron.py","logger":"airflow.models.dagbag.DagBag","filename":"dagbag.py","lineno":593}
{"timestamp":"2026-05-05T13:44:03.093104Z","level":"info","event":"Filling up the DagBag from /opt/airflow/dags/9_schedule_cron.py","logger":"airflow.models.dagbag.DagBag","filename":"dagbag.py","lineno":593}
{"timestamp":"2026-05-05T13:44:33.471585Z","level":"info","event":"Filling up the DagBag from /opt/airflow/dags/9_schedule_cron.py","logger":"airflow.models.dagbag.DagBag","filename":"dagbag.py","lineno":593}
{"timestamp":"2026-05-05T13:45:03.776122Z","level":"info","event":"Filling up the DagBag from /opt/airflow/dags/9_schedule_cron.py","logger":"airflow.models.dagbag.DagBag","filename":"dagbag.py","lineno":593}
{"timestamp":"2026-05-05T13:45:34.873270Z","level":"info","event":"Filling up the DagBag from /opt/airflow/dags/9_schedule_cron.py","logger":"airflow.models.dagbag.DagBag","filename":"dagbag.py","lineno":593}
{"timestamp":"2026-05-05T13:46:05.953313Z","level":"info","event":"Filling up the DagBag from /opt/airflow/dags/9_schedule_cron.py","logger":"airflow.models.dagbag.DagBag","filename":"dagbag.py","lineno":593}
{"timestamp":"2026-05-05T13:46:36.818033Z","level":"info","event":"Filling up the DagBag from /opt/airflow/dags/9_schedule_cron.py","logger":"airflow.models.dagbag.DagBag","filename":"dagbag.py","lineno":593}
{"timestamp":"2026-05-05T13:47:07.612761Z","level":"info","event":"Filling up the DagBag from /opt/airflow/dags/9_schedule_cron.py","logger":"airflow.models.dagbag.DagBag","filename":"dagbag.py","lineno":593}
{"timestamp":"2026-05-05T13:47:38.683850Z","level":"info","event":"Filling up the DagBag from /opt/airflow/dags/9_schedule_cron.py","logger":"airflow.models.dagbag.DagBag","filename":"dagbag.py","lineno":593}
{"timestamp":"2026-05-05T13:48:08.820995Z","level":"info","event":"Filling up the DagBag from /opt/airflow/dags/9_schedule_cron.py","logger":"airflow.models.dagbag.DagBag","filename":"dagbag.py","lineno":593}
{"timestamp":"2026-05-05T13:48:39.156276Z","level":"info","event":"Filling up the DagBag from /opt/airflow/dags/9_schedule_cron.py","logger":"airflow.models.dagbag.DagBag","filename":"dagbag.py","lineno":593}
{"timestamp":"2026-05-05T13:49:09.339145Z","level":"info","event":"Filling up the DagBag from /opt/airflow/dags/9_schedule_cron.py","logger":"airflow.models.dagbag.DagBag","filename":"dagbag.py","lineno":593}
{"timestamp":"2026-05-05T13:49:39.487806Z","level":"info","event":"Filling up the DagBag from /opt/airflow/dags/9_schedule_cron.py","logger":"airflow.models.dagbag.DagBag","filename":"dagbag.py","lineno":593}
{"timestamp":"2026-05-05T13:50:10.403697Z","level":"info","event":"Filling up the DagBag from /opt/airflow/dags/9_schedule_cron.py","logger":"airflow.models.dagbag.DagBag","filename":"dagbag.py","lineno":593}
{"timestamp":"2026-05-05T13:50:41.401506Z","level":"info","event":"Filling up the DagBag from /opt/airflow/dags/9_schedule_cron.py","logger":"airflow.models.dagbag.DagBag","filename":"dagbag.py","lineno":593}
{"timestamp":"2026-05-05T13:51:12.346696Z","level":"info","event":"Filling up the DagBag from /opt/airflow/dags/9_schedule_cron.py","logger":"airflow.models.dagbag.DagBag","filename":"dagbag.py","lineno":593}
{"timestamp":"2026-05-05T13:51:43.361495Z","level":"info","event":"Filling up the DagBag from /opt/airflow/dags/9_schedule_cron.py","logger":"airflow.models.dagbag.DagBag","filename":"dagbag.py","lineno":593}
{"timestamp":"2026-05-05T13:52:14.408719Z","level":"info","event":"Filling up the DagBag from /opt/airflow/dags/9_schedule_cron.py","logger":"airflow.models.dagbag.DagBag","filename":"dagbag.py","lineno":593}
{"timestamp":"2026-05-05T13:52:44.797691Z","level":"info","event":"Filling up the DagBag from /opt/airflow/dags/9_schedule_cron.py","logger":"airflow.models.dagbag.DagBag","filename":"dagbag.py","lineno":593}
{"timestamp":"2026-05-05T13:53:14.932749Z","level":"info","event":"Filling up the DagBag from /opt/airflow/dags/9_schedule_cron.py","logger":"airflow.models.dagbag.DagBag","filename":"dagbag.py","lineno":593}
{"timestamp":"2026-05-05T13:53:45.224693Z","level":"info","event":"Filling up the DagBag from /opt/airflow/dags/9_schedule_cron.py","logger":"airflow.models.dagbag.DagBag","filename":"dagbag.py","lineno":593}
{"timestamp":"2026-05-05T13:54:15.534493Z","level":"info","event":"Filling up the DagBag from /opt/airflow/dags/9_schedule_cron.py","logger":"airflow.models.dagbag.DagBag","filename":"dagbag.py","lineno":593}
{"timestamp":"2026-05-05T13:54:46.026923Z","level":"info","event":"Filling up the DagBag from /opt/airflow/dags/9_schedule_cron.py","logger":"airflow.models.dagbag.DagBag","filename":"dagbag.py","lineno":593}
{"timestamp":"2026-05-05T13:55:16.992943Z","level":"info","event":"Filling up the DagBag from /opt/airflow/dags/9_schedule_cron.py","logger":"airflow.models.dagbag.DagBag","filename":"dagbag.py","lineno":593}
{"timestamp":"2026-05-05T13:55:47.096626Z","level":"info","event":"Filling up the DagBag from /opt/airflow/dags/9_schedule_cron.py","logger":"airflow.models.dagbag.DagBag","filename":"dagbag.py","lineno":593}
{"timestamp":"2026-05-05T13:56:18.067898Z","level":"info","event":"Filling up the DagBag from /opt/airflow/dags/9_schedule_cron.py","logger":"airflow.models.dagbag.DagBag","filename":"dagbag.py","lineno":593}
{"timestamp":"2026-05-05T13:56:49.131266Z","level":"info","event":"Filling up the DagBag from /opt/airflow/dags/9_schedule_cron.py","logger":"airflow.models.dagbag.DagBag","filename":"dagbag.py","lineno":593}
{"timestamp":"2026-05-05T13:57:20.141199Z","level":"info","event":"Filling up the DagBag from /opt/airflow/dags/9_schedule_cron.py","logger":"airflow.models.dagbag.DagBag","filename":"dagbag.py","lineno":593}
{"timestamp":"2026-05-05T13:57:51.186329Z","level":"info","event":"Filling up the DagBag from /opt/airflow/dags/9_schedule_cron.py","logger":"airflow.models.dagbag.DagBag","filename":"dagbag.py","lineno":593}
{"timestamp":"2026-05-05T13:58:22.221618Z","level":"info","event":"Filling up the DagBag from /opt/airflow/dags/9_schedule_cron.py","logger":"airflow.models.dagbag.DagBag","filename":"dagbag.py","lineno":593}
{"timestamp":"2026-05-05T13:58:53.175650Z","level":"info","event":"Filling up the DagBag from /opt/airflow/dags/9_schedule_cron.py","logger":"airflow.models.dagbag.DagBag","filename":"dagbag.py","lineno":593}
{"timestamp":"2026-05-05T13:59:24.142929Z","level":"info","event":"Filling up the DagBag from /opt/airflow/dags/9_schedule_cron.py","logger":"airflow.models.dagbag.DagBag","filename":"dagbag.py","lineno":593}
{"timestamp":"2026-05-05T13:59:55.220053Z","level":"info","event":"Filling up the DagBag from /opt/airflow/dags/9_schedule_cron.py","logger":"airflow.models.dagbag.DagBag","filename":"dagbag.py","lineno":593}
{"timestamp":"2026-05-05T14:00:26.222690Z","level":"info","event":"Filling up the DagBag from /opt/airflow/dags/9_schedule_cron.py","logger":"airflow.models.dagbag.DagBag","filename":"dagbag.py","lineno":593}
{"timestamp":"2026-05-05T14:00:56.849155Z","level":"info","event":"Filling up the DagBag from /opt/airflow/dags/9_schedule_cron.py","logger":"airflow.models.dagbag.DagBag","filename":"dagbag.py","lineno":593}
{"timestamp":"2026-05-05T14:01:28.005609Z","level":"info","event":"Filling up the DagBag from /opt/airflow/dags/9_schedule_cron.py","logger":"airflow.models.dagbag.DagBag","filename":"dagbag.py","lineno":593}
{"timestamp":"2026-05-05T14:01:59.004017Z","level":"info","event":"Filling up the DagBag from /opt/airflow/dags/9_schedule_cron.py","logger":"airflow.models.dagbag.DagBag","filename":"dagbag.py","lineno":593}
{"timestamp":"2026-05-05T14:02:30.193979Z","level":"info","event":"Filling up the DagBag from /opt/airflow/dags/9_schedule_cron.py","logger":"airflow.models.dagbag.DagBag","filename":"dagbag.py","lineno":593}
{"timestamp":"2026-05-05T14:03:00.538324Z","level":"info","event":"Filling up the DagBag from /opt/airflow/dags/9_schedule_cron.py","logger":"airflow.models.dagbag.DagBag","filename":"dagbag.py","lineno":593}
{"timestamp":"2026-05-05T14:11:28.396823Z","level":"info","event":"Filling up the DagBag from /opt/airflow/dags/9_schedule_cron.py","logger":"airflow.models.dagbag.DagBag","filename":"dagbag.py","lineno":593}
{"timestamp":"2026-05-05T14:13:15.105797Z","level":"info","event":"Filling up the DagBag from /opt/airflow/dags/9_schedule_cron.py","logger":"airflow.models.dagbag.DagBag","filename":"dagbag.py","lineno":593}
{"timestamp":"2026-05-05T14:16:33.933386Z","level":"info","event":"Filling up the DagBag from /opt/airflow/dags/9_schedule_cron.py","logger":"airflow.models.dagbag.DagBag","filename":"dagbag.py","lineno":593}
{"timestamp":"2026-05-05T14:17:05.043146Z","level":"info","event":"Filling up the DagBag from /opt/airflow/dags/9_schedule_cron.py","logger":"airflow.models.dagbag.DagBag","filename":"dagbag.py","lineno":593}
{"timestamp":"2026-05-05T14:17:36.055906Z","level":"info","event":"Filling up the DagBag from /opt/airflow/dags/9_schedule_cron.py","logger":"airflow.models.dagbag.DagBag","filename":"dagbag.py","lineno":593}
{"timestamp":"2026-05-05T14:18:30.095082Z","level":"info","event":"Filling up the DagBag from /opt/airflow/dags/9_schedule_cron.py","logger":"airflow.models.dagbag.DagBag","filename":"dagbag.py","lineno":593}
{"timestamp":"2026-05-05T14:19:28.017748Z","level":"info","event":"Filling up the DagBag from /opt/airflow/dags/9_schedule_cron.py","logger":"airflow.models.dagbag.DagBag","filename":"dagbag.py","lineno":593}
{"timestamp":"2026-05-05T14:22:12.814740Z","level":"info","event":"Filling up the DagBag from /opt/airflow/dags/9_schedule_cron.py","logger":"airflow.models.dagbag.DagBag","filename":"dagbag.py","lineno":593}
{"timestamp":"2026-05-05T14:26:09.589960Z","level":"info","event":"Filling up the DagBag from /opt/airflow/dags/9_schedule_cron.py","logger":"airflow.models.dagbag.DagBag","filename":"dagbag.py","lineno":593}
{"timestamp":"2026-05-05T14:29:15.122652Z","level":"info","event":"Filling up the DagBag from /opt/airflow/dags/9_schedule_cron.py","logger":"airflow.models.dagbag.DagBag","filename":"dagbag.py","lineno":593}
{"timestamp":"2026-05-05T14:32:16.615495Z","level":"info","event":"Filling up the DagBag from /opt/airflow/dags/9_schedule_cron.py","logger":"airflow.models.dagbag.DagBag","filename":"dagbag.py","lineno":593}
{"timestamp":"2026-05-05T14:32:47.770756Z","level":"info","event":"Filling up the DagBag from /opt/airflow/dags/9_schedule_cron.py","logger":"airflow.models.dagbag.DagBag","filename":"dagbag.py","lineno":593}
{"timestamp":"2026-05-05T14:36:15.235228Z","level":"info","event":"Filling up the DagBag from /opt/airflow/dags/9_schedule_cron.py","logger":"airflow.models.dagbag.DagBag","filename":"dagbag.py","lineno":593}
{"timestamp":"2026-05-05T14:40:19.263817Z","level":"info","event":"Filling up the DagBag from /opt/airflow/dags/9_schedule_cron.py","logger":"airflow.models.dagbag.DagBag","filename":"dagbag.py","lineno":593}
{"timestamp":"2026-05-05T14:41:25.383565Z","level":"info","event":"Filling up the DagBag from /opt/airflow/dags/9_schedule_cron.py","logger":"airflow.models.dagbag.DagBag","filename":"dagbag.py","lineno":593}
{"timestamp":"2026-05-05T14:48:53.919280Z","level":"info","event":"Filling up the DagBag from /opt/airflow/dags/9_schedule_cron.py","logger":"airflow.models.dagbag.DagBag","filename":"dagbag.py","lineno":593}
{"timestamp":"2026-05-05T14:53:40.916022Z","level":"info","event":"Filling up the DagBag from /opt/airflow/dags/9_schedule_cron.py","logger":"airflow.models.dagbag.DagBag","filename":"dagbag.py","lineno":593}
{"timestamp":"2026-05-05T15:00:10.966869Z","level":"info","event":"Filling up the DagBag from /opt/airflow/dags/9_schedule_cron.py","logger":"airflow.models.dagbag.DagBag","filename":"dagbag.py","lineno":593}
{"timestamp":"2026-05-05T15:22:21.050306Z","level":"info","event":"Filling up the DagBag from /opt/airflow/dags/9_schedule_cron.py","logger":"airflow.models.dagbag.DagBag","filename":"dagbag.py","lineno":593}
{"timestamp":"2026-05-05T15:26:55.784631Z","level":"info","event":"Filling up the DagBag from /opt/airflow/dags/9_schedule_cron.py","logger":"airflow.models.dagbag.DagBag","filename":"dagbag.py","lineno":593}
{"timestamp":"2026-05-05T15:27:27.090899Z","level":"info","event":"Filling up the DagBag from /opt/airflow/dags/9_schedule_cron.py","logger":"airflow.models.dagbag.DagBag","filename":"dagbag.py","lineno":593}
{"timestamp":"2026-05-05T15:43:46.514306Z","level":"info","event":"Filling up the DagBag from /opt/airflow/dags/9_schedule_cron.py","logger":"airflow.models.dagbag.DagBag","filename":"dagbag.py","lineno":593}
{"timestamp":"2026-05-05T15:59:46.546787Z","level":"info","event":"Filling up the DagBag from /opt/airflow/dags/9_schedule_cron.py","logger":"airflow.models.dagbag.DagBag","filename":"dagbag.py","lineno":593}
{"timestamp":"2026-05-05T16:00:17.656674Z","level":"info","event":"Filling up the DagBag from /opt/airflow/dags/9_schedule_cron.py","logger":"airflow.models.dagbag.DagBag","filename":"dagbag.py","lineno":593}
{"timestamp":"2026-05-05T16:20:59.088217Z","level":"info","event":"Filling up the DagBag from /opt/airflow/dags/9_schedule_cron.py","logger":"airflow.models.dagbag.DagBag","filename":"dagbag.py","lineno":593}
{"timestamp":"2026-05-05T16:36:29.669410Z","level":"info","event":"Filling up the DagBag from /opt/airflow/dags/9_schedule_cron.py","logger":"airflow.models.dagbag.DagBag","filename":"dagbag.py","lineno":593}
{"timestamp":"2026-05-05T16:37:00.805941Z","level":"info","event":"Filling up the DagBag from /opt/airflow/dags/9_schedule_cron.py","logger":"airflow.models.dagbag.DagBag","filename":"dagbag.py","lineno":593}
{"timestamp":"2026-05-05T17:07:35.862421Z","level":"info","event":"Filling up the DagBag from /opt/airflow/dags/9_schedule_cron.py","logger":"airflow.models.dagbag.DagBag","filename":"dagbag.py","lineno":593}
{"timestamp":"2026-05-05T17:23:06.128395Z","level":"info","event":"Filling up the DagBag from /opt/airflow/dags/9_schedule_cron.py","logger":"airflow.models.dagbag.DagBag","filename":"dagbag.py","lineno":593}
{"timestamp":"2026-05-05T17:38:36.969691Z","level":"info","event":"Filling up the DagBag from /opt/airflow/dags/9_schedule_cron.py","logger":"airflow.models.dagbag.DagBag","filename":"dagbag.py","lineno":593}
{"timestamp":"2026-05-05T17:39:07.602273Z","level":"info","event":"Filling up the DagBag from /opt/airflow/dags/9_schedule_cron.py","logger":"airflow.models.dagbag.DagBag","filename":"dagbag.py","lineno":593}
{"timestamp":"2026-05-05T18:06:41.626527Z","level":"info","event":"Filling up the DagBag from /opt/airflow/dags/9_schedule_cron.py","logger":"airflow.models.dagbag.DagBag","filename":"dagbag.py","lineno":593}
{"timestamp":"2026-05-05T18:22:14.308681Z","level":"info","event":"Filling up the DagBag from /opt/airflow/dags/9_schedule_cron.py","logger":"airflow.models.dagbag.DagBag","filename":"dagbag.py","lineno":593}
{"timestamp":"2026-05-05T18:43:27.351697Z","level":"info","event":"Filling up the DagBag from /opt/airflow/dags/9_schedule_cron.py","logger":"airflow.models.dagbag.DagBag","filename":"dagbag.py","lineno":593}
{"timestamp":"2026-05-05T18:58:59.954325Z","level":"info","event":"Filling up the DagBag from /opt/airflow/dags/9_schedule_cron.py","logger":"airflow.models.dagbag.DagBag","filename":"dagbag.py","lineno":593}
{"timestamp":"2026-05-05T19:14:31.592570Z","level":"info","event":"Filling up the DagBag from /opt/airflow/dags/9_schedule_cron.py","logger":"airflow.models.dagbag.DagBag","filename":"dagbag.py","lineno":593}
{"timestamp":"2026-05-05T19:45:03.973015Z","level":"info","event":"Filling up the DagBag from /opt/airflow/dags/9_schedule_cron.py","logger":"airflow.models.dagbag.DagBag","filename":"dagbag.py","lineno":593}
{"timestamp":"2026-05-05T20:00:39.229219Z","level":"info","event":"Filling up the DagBag from /opt/airflow/dags/9_schedule_cron.py","logger":"airflow.models.dagbag.DagBag","filename":"dagbag.py","lineno":593}
{"timestamp":"2026-05-05T20:16:12.710625Z","level":"info","event":"Filling up the DagBag from /opt/airflow/dags/9_schedule_cron.py","logger":"airflow.models.dagbag.DagBag","filename":"dagbag.py","lineno":593}
{"timestamp":"2026-05-05T20:31:49.097482Z","level":"info","event":"Filling up the DagBag from /opt/airflow/dags/9_schedule_cron.py","logger":"airflow.models.dagbag.DagBag","filename":"dagbag.py","lineno":593}
{"timestamp":"2026-05-05T20:47:20.837692Z","level":"info","event":"Filling up the DagBag from /opt/airflow/dags/9_schedule_cron.py","logger":"airflow.models.dagbag.DagBag","filename":"dagbag.py","lineno":593}
{"timestamp":"2026-05-05T21:02:51.418994Z","level":"info","event":"Filling up the DagBag from /opt/airflow/dags/9_schedule_cron.py","logger":"airflow.models.dagbag.DagBag","filename":"dagbag.py","lineno":593}
{"timestamp":"2026-05-05T21:18:22.402645Z","level":"info","event":"Filling up the DagBag from /opt/airflow/dags/9_schedule_cron.py","logger":"airflow.models.dagbag.DagBag","filename":"dagbag.py","lineno":593}
{"timestamp":"2026-05-05T21:33:53.600303Z","level":"info","event":"Filling up the DagBag from /opt/airflow/dags/9_schedule_cron.py","logger":"airflow.models.dagbag.DagBag","filename":"dagbag.py","lineno":593}
{"timestamp":"2026-05-05T21:49:23.653297Z","level":"info","event":"Filling up the DagBag from /opt/airflow/dags/9_schedule_cron.py","logger":"airflow.models.dagbag.DagBag","filename":"dagbag.py","lineno":593}
{"timestamp":"2026-05-05T22:04:54.846673Z","level":"info","event":"Filling up the DagBag from /opt/airflow/dags/9_schedule_cron.py","logger":"airflow.models.dagbag.DagBag","filename":"dagbag.py","lineno":593}
{"timestamp":"2026-05-05T22:20:25.904997Z","level":"info","event":"Filling up the DagBag from /opt/airflow/dags/9_schedule_cron.py","logger":"airflow.models.dagbag.DagBag","filename":"dagbag.py","lineno":593}
{"timestamp":"2026-05-05T22:41:19.067860Z","level":"info","event":"Filling up the DagBag from /opt/airflow/dags/9_schedule_cron.py","logger":"airflow.models.dagbag.DagBag","filename":"dagbag.py","lineno":593}
{"timestamp":"2026-05-05T22:56:48.725218Z","level":"info","event":"Filling up the DagBag from /opt/airflow/dags/9_schedule_cron.py","logger":"airflow.models.dagbag.DagBag","filename":"dagbag.py","lineno":593}
{"timestamp":"2026-05-05T23:00:01.565161Z","level":"info","event":"Filling up the DagBag from /opt/airflow/dags/9_schedule_cron.py","logger":"airflow.models.dagbag.DagBag","filename":"dagbag.py","lineno":593}
{"timestamp":"2026-05-05T23:15:32.660111Z","level":"info","event":"Filling up the DagBag from /opt/airflow/dags/9_schedule_cron.py","logger":"airflow.models.dagbag.DagBag","filename":"dagbag.py","lineno":593}
{"timestamp":"2026-05-05T23:31:03.519877Z","level":"info","event":"Filling up the DagBag from /opt/airflow/dags/9_schedule_cron.py","logger":"airflow.models.dagbag.DagBag","filename":"dagbag.py","lineno":593}
{"timestamp":"2026-05-05T23:46:34.323945Z","level":"info","event":"Filling up the DagBag from /opt/airflow/dags/9_schedule_cron.py","logger":"airflow.models.dagbag.DagBag","filename":"dagbag.py","lineno":593}
